<?xml version="1.0" encoding="UTF-8"?>
<coverage generated="1739995244418" clover="3.2.0">
  <project timestamp="1739995244418" name="All files">
    <metrics statements="415" coveredstatements="380" conditionals="109" coveredconditionals="94" methods="164" coveredmethods="157" elements="688" coveredelements="631" complexity="0" loc="415" ncloc="415" packages="5" files="13" classes="13"/>
    <package name="actions">
      <metrics statements="35" coveredstatements="35" conditionals="0" coveredconditionals="0" methods="38" coveredmethods="38"/>
      <file name="session_actions.js" path="/Users/tayyabiqbal/Desktop/Stockflow/frontend/actions/session_actions.js">
        <metrics statements="20" coveredstatements="20" conditionals="0" coveredconditionals="0" methods="27" coveredmethods="27"/>
        <line num="6" count="2" type="stmt"/>
        <line num="7" count="2" type="stmt"/>
        <line num="8" count="2" type="stmt"/>
        <line num="9" count="2" type="stmt"/>
        <line num="11" count="5" type="stmt"/>
        <line num="16" count="2" type="stmt"/>
        <line num="20" count="5" type="stmt"/>
        <line num="25" count="2" type="stmt"/>
        <line num="29" count="2" type="stmt"/>
        <line num="30" count="2" type="stmt"/>
        <line num="33" count="2" type="stmt"/>
        <line num="34" count="2" type="stmt"/>
        <line num="37" count="2" type="stmt"/>
        <line num="38" count="2" type="stmt"/>
        <line num="41" count="2" type="stmt"/>
        <line num="42" count="2" type="stmt"/>
        <line num="45" count="2" type="stmt"/>
        <line num="46" count="1" type="stmt"/>
        <line num="49" count="2" type="stmt"/>
        <line num="50" count="2" type="stmt"/>
      </file>
      <file name="stock_actions.js" path="/Users/tayyabiqbal/Desktop/Stockflow/frontend/actions/stock_actions.js">
        <metrics statements="15" coveredstatements="15" conditionals="0" coveredconditionals="0" methods="11" coveredmethods="11"/>
        <line num="3" count="2" type="stmt"/>
        <line num="4" count="2" type="stmt"/>
        <line num="5" count="2" type="stmt"/>
        <line num="6" count="2" type="stmt"/>
        <line num="8" count="7" type="stmt"/>
        <line num="13" count="2" type="stmt"/>
        <line num="18" count="2" type="stmt"/>
        <line num="23" count="2" type="stmt"/>
        <line num="27" count="8" type="stmt"/>
        <line num="28" count="8" type="stmt"/>
        <line num="30" count="7" type="stmt"/>
        <line num="31" count="1" type="stmt"/>
        <line num="35" count="2" type="stmt"/>
        <line num="36" count="1" type="stmt"/>
        <line num="38" count="1" type="stmt"/>
      </file>
    </package>
    <package name="components.dashboard">
      <metrics statements="88" coveredstatements="56" conditionals="15" coveredconditionals="7" methods="38" coveredmethods="33"/>
      <file name="dashboard.jsx" path="/Users/tayyabiqbal/Desktop/Stockflow/frontend/components/dashboard/dashboard.jsx">
        <metrics statements="75" coveredstatements="43" conditionals="11" coveredconditionals="3" methods="26" coveredmethods="21"/>
        <line num="10" count="1" type="stmt"/>
        <line num="11" count="7" type="stmt"/>
        <line num="13" count="5" type="stmt"/>
        <line num="14" count="5" type="stmt"/>
        <line num="15" count="5" type="stmt"/>
        <line num="17" count="5" type="stmt"/>
        <line num="18" count="2" type="stmt"/>
        <line num="19" count="2" type="stmt"/>
        <line num="21" count="2" type="stmt"/>
        <line num="22" count="2" type="stmt"/>
        <line num="24" count="4" type="stmt"/>
        <line num="25" count="4" type="stmt"/>
        <line num="28" count="2" type="stmt"/>
        <line num="29" count="4" type="stmt"/>
        <line num="31" count="2" type="stmt"/>
        <line num="33" count="2" type="stmt"/>
        <line num="35" count="2" type="stmt"/>
        <line num="36" count="2" type="stmt"/>
        <line num="37" count="2" type="stmt"/>
        <line num="41" count="5" type="stmt"/>
        <line num="43" count="5" type="stmt"/>
        <line num="46" count="5" type="cond" truecount="1" falsecount="6"/>
        <line num="48" count="5" type="stmt"/>
        <line num="49" count="5" type="stmt"/>
        <line num="50" count="5" type="stmt"/>
        <line num="52" count="0" type="stmt"/>
        <line num="53" count="0" type="stmt"/>
        <line num="54" count="0" type="stmt"/>
        <line num="55" count="0" type="stmt"/>
        <line num="57" count="0" type="stmt"/>
        <line num="58" count="0" type="stmt"/>
        <line num="59" count="0" type="stmt"/>
        <line num="60" count="0" type="stmt"/>
        <line num="62" count="0" type="stmt"/>
        <line num="63" count="0" type="stmt"/>
        <line num="64" count="0" type="stmt"/>
        <line num="65" count="0" type="stmt"/>
        <line num="67" count="0" type="stmt"/>
        <line num="68" count="0" type="stmt"/>
        <line num="69" count="0" type="stmt"/>
        <line num="70" count="0" type="stmt"/>
        <line num="72" count="0" type="stmt"/>
        <line num="73" count="0" type="stmt"/>
        <line num="74" count="0" type="stmt"/>
        <line num="75" count="0" type="stmt"/>
        <line num="77" count="0" type="stmt"/>
        <line num="79" count="5" type="stmt"/>
        <line num="82" count="5" type="stmt"/>
        <line num="83" count="0" type="stmt"/>
        <line num="84" count="0" type="stmt"/>
        <line num="87" count="5" type="stmt"/>
        <line num="88" count="5" type="stmt"/>
        <line num="89" count="5" type="stmt"/>
        <line num="90" count="6" type="stmt"/>
        <line num="91" count="6" type="stmt"/>
        <line num="92" count="6" type="cond" truecount="2" falsecount="0"/>
        <line num="93" count="3" type="stmt"/>
        <line num="95" count="3" type="stmt"/>
        <line num="103" count="5" type="stmt"/>
        <line num="106" count="5" type="stmt"/>
        <line num="107" count="0" type="stmt"/>
        <line num="108" count="0" type="stmt"/>
        <line num="109" count="0" type="stmt"/>
        <line num="110" count="0" type="stmt"/>
        <line num="111" count="0" type="cond" truecount="0" falsecount="2"/>
        <line num="112" count="0" type="stmt"/>
        <line num="113" count="0" type="stmt"/>
        <line num="115" count="0" type="stmt"/>
        <line num="116" count="0" type="stmt"/>
        <line num="119" count="5" type="stmt"/>
        <line num="121" count="5" type="stmt"/>
        <line num="122" count="30" type="stmt"/>
        <line num="130" count="5" type="stmt"/>
        <line num="132" count="5" type="stmt"/>
        <line num="146" count="1" type="stmt"/>
      </file>
      <file name="watchlist.jsx" path="/Users/tayyabiqbal/Desktop/Stockflow/frontend/components/dashboard/watchlist.jsx">
        <metrics statements="13" coveredstatements="13" conditionals="4" coveredconditionals="4" methods="12" coveredmethods="12"/>
        <line num="8" count="1" type="stmt"/>
        <line num="9" count="7" type="stmt"/>
        <line num="10" count="7" type="stmt"/>
        <line num="11" count="5" type="stmt"/>
        <line num="13" count="5" type="stmt"/>
        <line num="14" count="2" type="stmt"/>
        <line num="15" count="4" type="stmt"/>
        <line num="16" count="4" type="stmt"/>
        <line num="17" count="4" type="stmt"/>
        <line num="20" count="2" type="stmt"/>
        <line num="21" count="4" type="stmt"/>
        <line num="23" count="2" type="stmt"/>
        <line num="27" count="6" type="cond" truecount="2" falsecount="0"/>
      </file>
    </package>
    <package name="components.search_bar">
      <metrics statements="20" coveredstatements="20" conditionals="8" coveredconditionals="7" methods="9" coveredmethods="9"/>
      <file name="search.jsx" path="/Users/tayyabiqbal/Desktop/Stockflow/frontend/components/search_bar/search.jsx">
        <metrics statements="20" coveredstatements="20" conditionals="8" coveredconditionals="7" methods="9" coveredmethods="9"/>
        <line num="6" count="1" type="stmt"/>
        <line num="7" count="36" type="stmt"/>
        <line num="8" count="44" type="stmt"/>
        <line num="9" count="36" type="stmt"/>
        <line num="10" count="36" type="stmt"/>
        <line num="12" count="36" type="stmt"/>
        <line num="13" count="20" type="stmt"/>
        <line num="14" count="20" type="stmt"/>
        <line num="17" count="36" type="stmt"/>
        <line num="18" count="36" type="cond" truecount="2" falsecount="0"/>
        <line num="19" count="22" type="stmt"/>
        <line num="20" count="44" type="stmt"/>
        <line num="33" count="36" type="stmt"/>
        <line num="34" count="3" type="stmt"/>
        <line num="35" count="3" type="cond" truecount="1" falsecount="1"/>
        <line num="36" count="3" type="stmt"/>
        <line num="41" count="36" type="stmt"/>
        <line num="42" count="9" type="cond" truecount="2" falsecount="0"/>
        <line num="43" count="5" type="stmt"/>
        <line num="47" count="36" type="stmt"/>
      </file>
    </package>
    <package name="components.stock_show">
      <metrics statements="179" coveredstatements="176" conditionals="57" coveredconditionals="51" methods="54" coveredmethods="52"/>
      <file name="news_item.jsx" path="/Users/tayyabiqbal/Desktop/Stockflow/frontend/components/stock_show/news_item.jsx">
        <metrics statements="2" coveredstatements="2" conditionals="0" coveredconditionals="0" methods="1" coveredmethods="1"/>
        <line num="3" count="3" type="stmt"/>
        <line num="4" count="106" type="stmt"/>
      </file>
      <file name="stock_graph.jsx" path="/Users/tayyabiqbal/Desktop/Stockflow/frontend/components/stock_show/stock_graph.jsx">
        <metrics statements="28" coveredstatements="25" conditionals="17" coveredconditionals="11" methods="9" coveredmethods="7"/>
        <line num="6" count="3" type="cond" truecount="0" falsecount="1"/>
        <line num="7" count="73" type="stmt"/>
        <line num="8" count="73" type="stmt"/>
        <line num="9" count="73" type="stmt"/>
        <line num="11" count="73" type="stmt"/>
        <line num="12" count="70" type="cond" truecount="1" falsecount="1"/>
        <line num="13" count="70" type="cond" truecount="2" falsecount="0"/>
        <line num="14" count="1" type="stmt"/>
        <line num="16" count="69" type="stmt"/>
        <line num="21" count="73" type="stmt"/>
        <line num="22" count="25" type="stmt"/>
        <line num="23" count="25" type="stmt"/>
        <line num="24" count="25" type="stmt"/>
        <line num="27" count="73" type="stmt"/>
        <line num="28" count="70" type="cond" truecount="1" falsecount="1"/>
        <line num="29" count="70" type="cond" truecount="2" falsecount="0"/>
        <line num="30" count="64" type="stmt"/>
        <line num="32" count="6" type="stmt"/>
        <line num="37" count="73" type="stmt"/>
        <line num="38" count="1" type="cond" truecount="1" falsecount="1"/>
        <line num="39" count="0" type="stmt"/>
        <line num="47" count="73" type="stmt"/>
        <line num="48" count="0" type="cond" truecount="0" falsecount="2"/>
        <line num="49" count="0" type="stmt"/>
        <line num="53" count="73" type="stmt"/>
        <line num="55" count="73" type="cond" truecount="4" falsecount="0"/>
        <line num="56" count="3" type="stmt"/>
        <line num="59" count="70" type="stmt"/>
      </file>
      <file name="stock_show.jsx" path="/Users/tayyabiqbal/Desktop/Stockflow/frontend/components/stock_show/stock_show.jsx">
        <metrics statements="149" coveredstatements="149" conditionals="40" coveredconditionals="40" methods="44" coveredmethods="44"/>
        <line num="12" count="1" type="stmt"/>
        <line num="13" count="86" type="stmt"/>
        <line num="14" count="86" type="stmt"/>
        <line num="16" count="100" type="stmt"/>
        <line num="17" count="100" type="stmt"/>
        <line num="19" count="86" type="stmt"/>
        <line num="20" count="86" type="stmt"/>
        <line num="21" count="86" type="stmt"/>
        <line num="22" count="86" type="stmt"/>
        <line num="23" count="86" type="stmt"/>
        <line num="24" count="86" type="stmt"/>
        <line num="25" count="86" type="stmt"/>
        <line num="26" count="86" type="stmt"/>
        <line num="27" count="86" type="stmt"/>
        <line num="28" count="86" type="stmt"/>
        <line num="29" count="86" type="stmt"/>
        <line num="30" count="86" type="stmt"/>
        <line num="31" count="86" type="stmt"/>
        <line num="32" count="86" type="stmt"/>
        <line num="37" count="86" type="stmt"/>
        <line num="38" count="20" type="stmt"/>
        <line num="39" count="20" type="stmt"/>
        <line num="42" count="86" type="stmt"/>
        <line num="44" count="20" type="stmt"/>
        <line num="45" count="20" type="stmt"/>
        <line num="48" count="20" type="stmt"/>
        <line num="51" count="20" type="stmt"/>
        <line num="52" count="20" type="stmt"/>
        <line num="53" count="20" type="stmt"/>
        <line num="54" count="20" type="stmt"/>
        <line num="55" count="20" type="stmt"/>
        <line num="56" count="20" type="stmt"/>
        <line num="60" count="20" type="stmt"/>
        <line num="62" count="20" type="stmt"/>
        <line num="63" count="20" type="stmt"/>
        <line num="64" count="20" type="stmt"/>
        <line num="69" count="516" type="stmt"/>
        <line num="70" count="6" type="stmt"/>
        <line num="71" count="6" type="stmt"/>
        <line num="74" count="86" type="stmt"/>
        <line num="75" count="258" type="stmt"/>
        <line num="76" count="258" type="cond" truecount="2" falsecount="0"/>
        <line num="77" count="174" type="stmt"/>
        <line num="78" count="174" type="stmt"/>
        <line num="79" count="406" type="stmt"/>
        <line num="80" count="406" type="stmt"/>
        <line num="82" count="174" type="stmt"/>
        <line num="84" count="84" type="stmt"/>
        <line num="87" count="86" type="stmt"/>
        <line num="88" count="16" type="stmt"/>
        <line num="89" count="16" type="cond" truecount="2" falsecount="0"/>
        <line num="90" count="15" type="stmt"/>
        <line num="91" count="15" type="stmt"/>
        <line num="95" count="86" type="stmt"/>
        <line num="96" count="110" type="cond" truecount="2" falsecount="0"/>
        <line num="97" count="35" type="stmt"/>
        <line num="99" count="75" type="stmt"/>
        <line num="102" count="86" type="stmt"/>
        <line num="103" count="3" type="stmt"/>
        <line num="104" count="3" type="stmt"/>
        <line num="105" count="3" type="cond" truecount="2" falsecount="0"/>
        <line num="106" count="1" type="stmt"/>
        <line num="108" count="1" type="stmt"/>
        <line num="109" count="1" type="stmt"/>
        <line num="110" count="1" type="stmt"/>
        <line num="113" count="2" type="stmt"/>
        <line num="117" count="86" type="stmt"/>
        <line num="118" count="86" type="cond" truecount="2" falsecount="0"/>
        <line num="119" count="66" type="stmt"/>
        <line num="125" count="20" type="stmt"/>
        <line num="133" count="86" type="stmt"/>
        <line num="134" count="86" type="stmt"/>
        <line num="135" count="86" type="stmt"/>
        <line num="136" count="86" type="stmt"/>
        <line num="137" count="86" type="cond" truecount="2" falsecount="0"/>
        <line num="138" count="9" type="cond" truecount="2" falsecount="0"/>
        <line num="139" count="9" type="stmt"/>
        <line num="141" count="77" type="stmt"/>
        <line num="145" count="86" type="stmt"/>
        <line num="146" count="2" type="stmt"/>
        <line num="147" count="2" type="stmt"/>
        <line num="148" count="2" type="stmt"/>
        <line num="149" count="2" type="stmt"/>
        <line num="150" count="2" type="stmt"/>
        <line num="153" count="86" type="stmt"/>
        <line num="154" count="3" type="stmt"/>
        <line num="155" count="3" type="stmt"/>
        <line num="156" count="3" type="stmt"/>
        <line num="157" count="3" type="stmt"/>
        <line num="158" count="3" type="stmt"/>
        <line num="161" count="86" type="stmt"/>
        <line num="162" count="6" type="stmt"/>
        <line num="163" count="6" type="stmt"/>
        <line num="164" count="6" type="stmt"/>
        <line num="165" count="6" type="stmt"/>
        <line num="172" count="6" type="stmt"/>
        <line num="174" count="6" type="cond" truecount="2" falsecount="0"/>
        <line num="175" count="3" type="stmt"/>
        <line num="176" count="3" type="stmt"/>
        <line num="179" count="3" type="stmt"/>
        <line num="180" count="3" type="stmt"/>
        <line num="182" count="3" type="stmt"/>
        <line num="183" count="3" type="stmt"/>
        <line num="187" count="86" type="stmt"/>
        <line num="188" count="3" type="cond" truecount="4" falsecount="0"/>
        <line num="189" count="1" type="stmt"/>
        <line num="190" count="1" type="stmt"/>
        <line num="191" count="1" type="stmt"/>
        <line num="195" count="86" type="stmt"/>
        <line num="196" count="1" type="stmt"/>
        <line num="197" count="1" type="stmt"/>
        <line num="204" count="86" type="stmt"/>
        <line num="205" count="2" type="stmt"/>
        <line num="206" count="2" type="stmt"/>
        <line num="208" count="2" type="cond" truecount="4" falsecount="0"/>
        <line num="209" count="1" type="stmt"/>
        <line num="210" count="1" type="stmt"/>
        <line num="217" count="1" type="stmt"/>
        <line num="219" count="1" type="stmt"/>
        <line num="220" count="1" type="stmt"/>
        <line num="221" count="1" type="stmt"/>
        <line num="226" count="91" type="stmt"/>
        <line num="228" count="86" type="stmt"/>
        <line num="229" count="6" type="cond" truecount="2" falsecount="0"/>
        <line num="230" count="1" type="stmt"/>
        <line num="235" count="5" type="cond" truecount="2" falsecount="0"/>
        <line num="236" count="3" type="stmt"/>
        <line num="237" count="3" type="stmt"/>
        <line num="238" count="3" type="cond" truecount="2" falsecount="0"/>
        <line num="239" count="1" type="stmt"/>
        <line num="250" count="2" type="stmt"/>
        <line num="251" count="2" type="stmt"/>
        <line num="252" count="2" type="stmt"/>
        <line num="253" count="2" type="cond" truecount="2" falsecount="0"/>
        <line num="254" count="1" type="stmt"/>
        <line num="262" count="86" type="stmt"/>
        <line num="264" count="86" type="stmt"/>
        <line num="265" count="11" type="stmt"/>
        <line num="266" count="11" type="stmt"/>
        <line num="273" count="86" type="stmt"/>
        <line num="274" count="3" type="cond" truecount="2" falsecount="0"/>
        <line num="275" count="2" type="stmt"/>
        <line num="283" count="1" type="stmt"/>
        <line num="289" count="116" type="stmt"/>
        <line num="291" count="86" type="stmt"/>
        <line num="292" count="86" type="stmt"/>
        <line num="293" count="516" type="stmt"/>
        <line num="294" count="516" type="stmt"/>
        <line num="302" count="86" type="stmt"/>
      </file>
    </package>
    <package name="util">
      <metrics statements="93" coveredstatements="93" conditionals="29" coveredconditionals="29" methods="25" coveredmethods="25"/>
      <file name="session_api_util.js" path="/Users/tayyabiqbal/Desktop/Stockflow/frontend/util/session_api_util.js">
        <metrics statements="6" coveredstatements="6" conditionals="0" coveredconditionals="0" methods="3" coveredmethods="3"/>
        <line num="1" count="3" type="stmt"/>
        <line num="2" count="1" type="stmt"/>
        <line num="9" count="3" type="stmt"/>
        <line num="10" count="1" type="stmt"/>
        <line num="16" count="3" type="stmt"/>
        <line num="17" count="1" type="stmt"/>
      </file>
      <file name="stock_api_util.js" path="/Users/tayyabiqbal/Desktop/Stockflow/frontend/util/stock_api_util.js">
        <metrics statements="27" coveredstatements="27" conditionals="9" coveredconditionals="9" methods="9" coveredmethods="9"/>
        <line num="1" count="3" type="stmt"/>
        <line num="6" count="3" type="stmt"/>
        <line num="39" count="3" type="stmt"/>
        <line num="40" count="8" type="stmt"/>
        <line num="41" count="25" type="stmt"/>
        <line num="42" count="25" type="stmt"/>
        <line num="47" count="25" type="stmt"/>
        <line num="48" count="25" type="stmt"/>
        <line num="49" count="15" type="cond" truecount="5" falsecount="0"/>
        <line num="50" count="9" type="stmt"/>
        <line num="51" count="9" type="stmt"/>
        <line num="52" count="9" type="stmt"/>
        <line num="56" count="6" type="stmt"/>
        <line num="57" count="6" type="stmt"/>
        <line num="59" count="19" type="cond" truecount="4" falsecount="0"/>
        <line num="60" count="17" type="stmt"/>
        <line num="62" count="2" type="stmt"/>
        <line num="67" count="8" type="stmt"/>
        <line num="70" count="4" type="stmt"/>
        <line num="79" count="3" type="stmt"/>
        <line num="87" count="3" type="stmt"/>
        <line num="95" count="3" type="stmt"/>
        <line num="103" count="3" type="stmt"/>
        <line num="104" count="1" type="stmt"/>
        <line num="110" count="3" type="stmt"/>
        <line num="111" count="1" type="stmt"/>
        <line num="117" count="3" type="stmt"/>
      </file>
      <file name="transaction_api_util.js" path="/Users/tayyabiqbal/Desktop/Stockflow/frontend/util/transaction_api_util.js">
        <metrics statements="2" coveredstatements="2" conditionals="0" coveredconditionals="0" methods="1" coveredmethods="1"/>
        <line num="1" count="3" type="stmt"/>
        <line num="2" count="1" type="stmt"/>
      </file>
      <file name="util.js" path="/Users/tayyabiqbal/Desktop/Stockflow/frontend/util/util.js">
        <metrics statements="54" coveredstatements="54" conditionals="20" coveredconditionals="20" methods="10" coveredmethods="10"/>
        <line num="1" count="3" type="stmt"/>
        <line num="2" count="20" type="stmt"/>
        <line num="3" count="40" type="stmt"/>
        <line num="4" count="40" type="stmt"/>
        <line num="5" count="40" type="stmt"/>
        <line num="6" count="40" type="stmt"/>
        <line num="9" count="20" type="stmt"/>
        <line num="10" count="20" type="stmt"/>
        <line num="11" count="20" type="stmt"/>
        <line num="13" count="20" type="cond" truecount="2" falsecount="0"/>
        <line num="14" count="10" type="stmt"/>
        <line num="15" count="10" type="stmt"/>
        <line num="17" count="10" type="stmt"/>
        <line num="18" count="3" type="stmt"/>
        <line num="19" count="3" type="stmt"/>
        <line num="20" count="3" type="stmt"/>
        <line num="23" count="10" type="cond" truecount="2" falsecount="0"/>
        <line num="26" count="20" type="stmt"/>
        <line num="32" count="3" type="stmt"/>
        <line num="33" count="14" type="cond" truecount="7" falsecount="0"/>
        <line num="34" count="8" type="stmt"/>
        <line num="35" count="1" type="stmt"/>
        <line num="36" count="1" type="stmt"/>
        <line num="37" count="1" type="stmt"/>
        <line num="38" count="1" type="stmt"/>
        <line num="39" count="1" type="stmt"/>
        <line num="40" count="1" type="stmt"/>
        <line num="44" count="3" type="stmt"/>
        <line num="53" count="3" type="stmt"/>
        <line num="58" count="3" type="stmt"/>
        <line num="59" count="3" type="cond" truecount="4" falsecount="0"/>
        <line num="60" count="1" type="stmt"/>
        <line num="61" count="2" type="stmt"/>
        <line num="62" count="2" type="stmt"/>
        <line num="76" count="3" type="stmt"/>
        <line num="77" count="7" type="stmt"/>
        <line num="78" count="7" type="stmt"/>
        <line num="79" count="7" type="stmt"/>
        <line num="80" count="7" type="stmt"/>
        <line num="85" count="3" type="cond" truecount="1" falsecount="0"/>
        <line num="86" count="4" type="stmt"/>
        <line num="87" count="4" type="stmt"/>
        <line num="89" count="4" type="stmt"/>
        <line num="92" count="4" type="stmt"/>
        <line num="94" count="7" type="stmt"/>
        <line num="97" count="7" type="stmt"/>
        <line num="98" count="7" type="stmt"/>
        <line num="101" count="7" type="stmt"/>
        <line num="103" count="7" type="cond" truecount="4" falsecount="0"/>
        <line num="105" count="3" type="stmt"/>
        <line num="107" count="4" type="stmt"/>
        <line num="109" count="4" type="stmt"/>
        <line num="110" count="4" type="stmt"/>
        <line num="113" count="4" type="stmt"/>
      </file>
      <file name="watchlist_api_util.js" path="/Users/tayyabiqbal/Desktop/Stockflow/frontend/util/watchlist_api_util.js">
        <metrics statements="4" coveredstatements="4" conditionals="0" coveredconditionals="0" methods="2" coveredmethods="2"/>
        <line num="1" count="3" type="stmt"/>
        <line num="2" count="1" type="stmt"/>
        <line num="9" count="3" type="stmt"/>
        <line num="10" count="1" type="stmt"/>
      </file>
    </package>
  </project>
</coverage>
