{"/Users/tayyabiqbal/Desktop/Stockflow/frontend/actions/session_actions.js": {"path":"/Users/tayyabiqbal/Desktop/Stockflow/frontend/actions/session_actions.js","statementMap":{"0":{"start":{"line":6,"column":36},"end":{"line":6,"column":58}},"1":{"start":{"line":7,"column":35},"end":{"line":7,"column":56}},"2":{"start":{"line":8,"column":38},"end":{"line":8,"column":62}},"3":{"start":{"line":9,"column":36},"end":{"line":9,"column":58}},"4":{"start":{"line":11,"column":27},"end":{"line":14,"column":2}},"5":{"start":{"line":11,"column":40},"end":{"line":14,"column":1}},"6":{"start":{"line":16,"column":26},"end":{"line":18,"column":2}},"7":{"start":{"line":16,"column":33},"end":{"line":18,"column":1}},"8":{"start":{"line":20,"column":29},"end":{"line":23,"column":2}},"9":{"start":{"line":20,"column":40},"end":{"line":23,"column":1}},"10":{"start":{"line":25,"column":34},"end":{"line":27,"column":2}},"11":{"start":{"line":25,"column":41},"end":{"line":27,"column":1}},"12":{"start":{"line":29,"column":21},"end":{"line":31,"column":1}},"13":{"start":{"line":29,"column":29},"end":{"line":31,"column":1}},"14":{"start":{"line":30,"column":2},"end":{"line":30,"column":131}},"15":{"start":{"line":30,"column":35},"end":{"line":30,"column":69}},"16":{"start":{"line":30,"column":80},"end":{"line":30,"column":130}},"17":{"start":{"line":33,"column":30},"end":{"line":35,"column":1}},"18":{"start":{"line":33,"column":43},"end":{"line":35,"column":1}},"19":{"start":{"line":34,"column":2},"end":{"line":34,"column":152}},"20":{"start":{"line":34,"column":57},"end":{"line":34,"column":90}},"21":{"start":{"line":34,"column":101},"end":{"line":34,"column":151}},"22":{"start":{"line":37,"column":35},"end":{"line":39,"column":1}},"23":{"start":{"line":37,"column":48},"end":{"line":39,"column":1}},"24":{"start":{"line":38,"column":2},"end":{"line":38,"column":157}},"25":{"start":{"line":38,"column":62},"end":{"line":38,"column":95}},"26":{"start":{"line":38,"column":106},"end":{"line":38,"column":156}},"27":{"start":{"line":41,"column":33},"end":{"line":43,"column":1}},"28":{"start":{"line":41,"column":48},"end":{"line":43,"column":1}},"29":{"start":{"line":42,"column":2},"end":{"line":42,"column":159}},"30":{"start":{"line":42,"column":64},"end":{"line":42,"column":97}},"31":{"start":{"line":42,"column":108},"end":{"line":42,"column":158}},"32":{"start":{"line":45,"column":22},"end":{"line":47,"column":1}},"33":{"start":{"line":45,"column":28},"end":{"line":47,"column":1}},"34":{"start":{"line":46,"column":2},"end":{"line":46,"column":60}},"35":{"start":{"line":46,"column":30},"end":{"line":46,"column":59}},"36":{"start":{"line":49,"column":22},"end":{"line":51,"column":1}},"37":{"start":{"line":49,"column":30},"end":{"line":51,"column":1}},"38":{"start":{"line":50,"column":2},"end":{"line":50,"column":132}},"39":{"start":{"line":50,"column":36},"end":{"line":50,"column":70}},"40":{"start":{"line":50,"column":81},"end":{"line":50,"column":131}}},"fnMap":{"0":{"name":"(anonymous_0)","decl":{"start":{"line":11,"column":27},"end":{"line":11,"column":28}},"loc":{"start":{"line":11,"column":40},"end":{"line":14,"column":1}},"line":11},"1":{"name":"(anonymous_1)","decl":{"start":{"line":16,"column":26},"end":{"line":16,"column":27}},"loc":{"start":{"line":16,"column":33},"end":{"line":18,"column":1}},"line":16},"2":{"name":"(anonymous_2)","decl":{"start":{"line":20,"column":29},"end":{"line":20,"column":30}},"loc":{"start":{"line":20,"column":40},"end":{"line":23,"column":1}},"line":20},"3":{"name":"(anonymous_3)","decl":{"start":{"line":25,"column":34},"end":{"line":25,"column":35}},"loc":{"start":{"line":25,"column":41},"end":{"line":27,"column":1}},"line":25},"4":{"name":"(anonymous_4)","decl":{"start":{"line":29,"column":21},"end":{"line":29,"column":22}},"loc":{"start":{"line":29,"column":29},"end":{"line":31,"column":1}},"line":29},"5":{"name":"(anonymous_5)","decl":{"start":{"line":29,"column":29},"end":{"line":29,"column":30}},"loc":{"start":{"line":30,"column":2},"end":{"line":30,"column":131}},"line":30},"6":{"name":"(anonymous_6)","decl":{"start":{"line":30,"column":27},"end":{"line":30,"column":28}},"loc":{"start":{"line":30,"column":35},"end":{"line":30,"column":69}},"line":30},"7":{"name":"(anonymous_7)","decl":{"start":{"line":30,"column":71},"end":{"line":30,"column":72}},"loc":{"start":{"line":30,"column":80},"end":{"line":30,"column":130}},"line":30},"8":{"name":"(anonymous_8)","decl":{"start":{"line":33,"column":30},"end":{"line":33,"column":31}},"loc":{"start":{"line":33,"column":43},"end":{"line":35,"column":1}},"line":33},"9":{"name":"(anonymous_9)","decl":{"start":{"line":33,"column":43},"end":{"line":33,"column":44}},"loc":{"start":{"line":34,"column":2},"end":{"line":34,"column":152}},"line":34},"10":{"name":"(anonymous_10)","decl":{"start":{"line":34,"column":50},"end":{"line":34,"column":51}},"loc":{"start":{"line":34,"column":57},"end":{"line":34,"column":90}},"line":34},"11":{"name":"(anonymous_11)","decl":{"start":{"line":34,"column":92},"end":{"line":34,"column":93}},"loc":{"start":{"line":34,"column":101},"end":{"line":34,"column":151}},"line":34},"12":{"name":"(anonymous_12)","decl":{"start":{"line":37,"column":35},"end":{"line":37,"column":36}},"loc":{"start":{"line":37,"column":48},"end":{"line":39,"column":1}},"line":37},"13":{"name":"(anonymous_13)","decl":{"start":{"line":37,"column":48},"end":{"line":37,"column":49}},"loc":{"start":{"line":38,"column":2},"end":{"line":38,"column":157}},"line":38},"14":{"name":"(anonymous_14)","decl":{"start":{"line":38,"column":55},"end":{"line":38,"column":56}},"loc":{"start":{"line":38,"column":62},"end":{"line":38,"column":95}},"line":38},"15":{"name":"(anonymous_15)","decl":{"start":{"line":38,"column":97},"end":{"line":38,"column":98}},"loc":{"start":{"line":38,"column":106},"end":{"line":38,"column":156}},"line":38},"16":{"name":"(anonymous_16)","decl":{"start":{"line":41,"column":33},"end":{"line":41,"column":34}},"loc":{"start":{"line":41,"column":48},"end":{"line":43,"column":1}},"line":41},"17":{"name":"(anonymous_17)","decl":{"start":{"line":41,"column":48},"end":{"line":41,"column":49}},"loc":{"start":{"line":42,"column":2},"end":{"line":42,"column":159}},"line":42},"18":{"name":"(anonymous_18)","decl":{"start":{"line":42,"column":57},"end":{"line":42,"column":58}},"loc":{"start":{"line":42,"column":64},"end":{"line":42,"column":97}},"line":42},"19":{"name":"(anonymous_19)","decl":{"start":{"line":42,"column":99},"end":{"line":42,"column":100}},"loc":{"start":{"line":42,"column":108},"end":{"line":42,"column":158}},"line":42},"20":{"name":"(anonymous_20)","decl":{"start":{"line":45,"column":22},"end":{"line":45,"column":23}},"loc":{"start":{"line":45,"column":28},"end":{"line":47,"column":1}},"line":45},"21":{"name":"(anonymous_21)","decl":{"start":{"line":45,"column":28},"end":{"line":45,"column":29}},"loc":{"start":{"line":46,"column":2},"end":{"line":46,"column":60}},"line":46},"22":{"name":"(anonymous_22)","decl":{"start":{"line":46,"column":24},"end":{"line":46,"column":25}},"loc":{"start":{"line":46,"column":30},"end":{"line":46,"column":59}},"line":46},"23":{"name":"(anonymous_23)","decl":{"start":{"line":49,"column":22},"end":{"line":49,"column":23}},"loc":{"start":{"line":49,"column":30},"end":{"line":51,"column":1}},"line":49},"24":{"name":"(anonymous_24)","decl":{"start":{"line":49,"column":30},"end":{"line":49,"column":31}},"loc":{"start":{"line":50,"column":2},"end":{"line":50,"column":132}},"line":50},"25":{"name":"(anonymous_25)","decl":{"start":{"line":50,"column":28},"end":{"line":50,"column":29}},"loc":{"start":{"line":50,"column":36},"end":{"line":50,"column":70}},"line":50},"26":{"name":"(anonymous_26)","decl":{"start":{"line":50,"column":72},"end":{"line":50,"column":73}},"loc":{"start":{"line":50,"column":81},"end":{"line":50,"column":131}},"line":50}},"branchMap":{},"s":{"0":2,"1":2,"2":2,"3":2,"4":2,"5":5,"6":2,"7":1,"8":2,"9":5,"10":2,"11":1,"12":2,"13":2,"14":2,"15":1,"16":1,"17":2,"18":2,"19":2,"20":1,"21":1,"22":2,"23":2,"24":2,"25":1,"26":1,"27":2,"28":2,"29":2,"30":1,"31":1,"32":2,"33":1,"34":1,"35":1,"36":2,"37":2,"38":2,"39":1,"40":1},"f":{"0":5,"1":1,"2":5,"3":1,"4":2,"5":2,"6":1,"7":1,"8":2,"9":2,"10":1,"11":1,"12":2,"13":2,"14":1,"15":1,"16":2,"17":2,"18":1,"19":1,"20":1,"21":1,"22":1,"23":2,"24":2,"25":1,"26":1},"b":{},"_coverageSchema":"1a1c01bbd47fc00a2c39e90264f33305004495a9","hash":"eb2ffc9a2207778942a3c80f1b9afbf30850b5d2"}
,"/Users/tayyabiqbal/Desktop/Stockflow/frontend/actions/stock_actions.js": {"path":"/Users/tayyabiqbal/Desktop/Stockflow/frontend/actions/stock_actions.js","statementMap":{"0":{"start":{"line":3,"column":29},"end":{"line":3,"column":44}},"1":{"start":{"line":4,"column":36},"end":{"line":4,"column":58}},"2":{"start":{"line":5,"column":34},"end":{"line":5,"column":54}},"3":{"start":{"line":6,"column":30},"end":{"line":6,"column":46}},"4":{"start":{"line":8,"column":21},"end":{"line":11,"column":2}},"5":{"start":{"line":8,"column":32},"end":{"line":11,"column":1}},"6":{"start":{"line":13,"column":22},"end":{"line":16,"column":2}},"7":{"start":{"line":13,"column":34},"end":{"line":16,"column":1}},"8":{"start":{"line":18,"column":27},"end":{"line":21,"column":2}},"9":{"start":{"line":18,"column":38},"end":{"line":21,"column":1}},"10":{"start":{"line":23,"column":32},"end":{"line":25,"column":2}},"11":{"start":{"line":23,"column":39},"end":{"line":25,"column":1}},"12":{"start":{"line":27,"column":27},"end":{"line":33,"column":1}},"13":{"start":{"line":27,"column":38},"end":{"line":33,"column":1}},"14":{"start":{"line":28,"column":2},"end":{"line":32,"column":4}},"15":{"start":{"line":30,"column":16},"end":{"line":30,"column":46}},"16":{"start":{"line":31,"column":15},"end":{"line":31,"column":50}},"17":{"start":{"line":35,"column":27},"end":{"line":40,"column":1}},"18":{"start":{"line":35,"column":39},"end":{"line":40,"column":1}},"19":{"start":{"line":36,"column":2},"end":{"line":39,"column":3}},"20":{"start":{"line":38,"column":17},"end":{"line":38,"column":49}}},"fnMap":{"0":{"name":"(anonymous_0)","decl":{"start":{"line":8,"column":21},"end":{"line":8,"column":22}},"loc":{"start":{"line":8,"column":32},"end":{"line":11,"column":1}},"line":8},"1":{"name":"(anonymous_1)","decl":{"start":{"line":13,"column":22},"end":{"line":13,"column":23}},"loc":{"start":{"line":13,"column":34},"end":{"line":16,"column":1}},"line":13},"2":{"name":"(anonymous_2)","decl":{"start":{"line":18,"column":27},"end":{"line":18,"column":28}},"loc":{"start":{"line":18,"column":38},"end":{"line":21,"column":1}},"line":18},"3":{"name":"(anonymous_3)","decl":{"start":{"line":23,"column":32},"end":{"line":23,"column":33}},"loc":{"start":{"line":23,"column":39},"end":{"line":25,"column":1}},"line":23},"4":{"name":"(anonymous_4)","decl":{"start":{"line":27,"column":27},"end":{"line":27,"column":28}},"loc":{"start":{"line":27,"column":38},"end":{"line":33,"column":1}},"line":27},"5":{"name":"(anonymous_5)","decl":{"start":{"line":27,"column":38},"end":{"line":27,"column":39}},"loc":{"start":{"line":27,"column":52},"end":{"line":33,"column":1}},"line":27},"6":{"name":"(anonymous_6)","decl":{"start":{"line":30,"column":4},"end":{"line":30,"column":5}},"loc":{"start":{"line":30,"column":16},"end":{"line":30,"column":46}},"line":30},"7":{"name":"(anonymous_7)","decl":{"start":{"line":31,"column":4},"end":{"line":31,"column":5}},"loc":{"start":{"line":31,"column":15},"end":{"line":31,"column":50}},"line":31},"8":{"name":"(anonymous_8)","decl":{"start":{"line":35,"column":27},"end":{"line":35,"column":28}},"loc":{"start":{"line":35,"column":39},"end":{"line":40,"column":1}},"line":35},"9":{"name":"(anonymous_9)","decl":{"start":{"line":35,"column":39},"end":{"line":35,"column":40}},"loc":{"start":{"line":35,"column":53},"end":{"line":40,"column":1}},"line":35},"10":{"name":"(anonymous_10)","decl":{"start":{"line":38,"column":4},"end":{"line":38,"column":5}},"loc":{"start":{"line":38,"column":17},"end":{"line":38,"column":49}},"line":38}},"branchMap":{},"s":{"0":2,"1":2,"2":2,"3":2,"4":2,"5":7,"6":2,"7":1,"8":2,"9":1,"10":2,"11":1,"12":2,"13":8,"14":8,"15":7,"16":1,"17":2,"18":1,"19":1,"20":1},"f":{"0":7,"1":1,"2":1,"3":1,"4":8,"5":8,"6":7,"7":1,"8":1,"9":1,"10":1},"b":{},"_coverageSchema":"1a1c01bbd47fc00a2c39e90264f33305004495a9","hash":"cdf3cae23766cdcc77aa2af7f842e3b5aba80df5"}
,"/Users/tayyabiqbal/Desktop/Stockflow/frontend/components/dashboard/dashboard.jsx": {"path":"/Users/tayyabiqbal/Desktop/Stockflow/frontend/components/dashboard/dashboard.jsx","statementMap":{"0":{"start":{"line":10,"column":18},"end":{"line":163,"column":1}},"1":{"start":{"line":11,"column":20},"end":{"line":11,"column":62}},"2":{"start":{"line":11,"column":41},"end":{"line":11,"column":61}},"3":{"start":{"line":13,"column":28},"end":{"line":13,"column":58}},"4":{"start":{"line":14,"column":26},"end":{"line":14,"column":38}},"5":{"start":{"line":15,"column":40},"end":{"line":15,"column":52}},"6":{"start":{"line":17,"column":2},"end":{"line":39,"column":45}},"7":{"start":{"line":18,"column":4},"end":{"line":18,"column":52}},"8":{"start":{"line":19,"column":4},"end":{"line":19,"column":40}},"9":{"start":{"line":21,"column":20},"end":{"line":21,"column":78}},"10":{"start":{"line":22,"column":4},"end":{"line":32,"column":6}},"11":{"start":{"line":24,"column":8},"end":{"line":25,"column":43}},"12":{"start":{"line":25,"column":24},"end":{"line":25,"column":41}},"13":{"start":{"line":28,"column":26},"end":{"line":30,"column":7}},"14":{"start":{"line":29,"column":8},"end":{"line":29,"column":107}},"15":{"start":{"line":29,"column":55},"end":{"line":29,"column":105}},"16":{"start":{"line":31,"column":6},"end":{"line":31,"column":34}},"17":{"start":{"line":33,"column":4},"end":{"line":33,"column":54}},"18":{"start":{"line":33,"column":31},"end":{"line":33,"column":52}},"19":{"start":{"line":35,"column":4},"end":{"line":38,"column":5}},"20":{"start":{"line":36,"column":6},"end":{"line":36,"column":52}},"21":{"start":{"line":37,"column":6},"end":{"line":37,"column":42}},"22":{"start":{"line":41,"column":22},"end":{"line":41,"column":77}},"23":{"start":{"line":41,"column":28},"end":{"line":41,"column":77}},"24":{"start":{"line":41,"column":55},"end":{"line":41,"column":76}},"25":{"start":{"line":43,"column":31},"end":{"line":80,"column":3}},"26":{"start":{"line":46,"column":4},"end":{"line":78,"column":5}},"27":{"start":{"line":48,"column":8},"end":{"line":48,"column":36}},"28":{"start":{"line":49,"column":8},"end":{"line":49,"column":53}},"29":{"start":{"line":50,"column":8},"end":{"line":50,"column":13}},"30":{"start":{"line":52,"column":8},"end":{"line":52,"column":71}},"31":{"start":{"line":53,"column":37},"end":{"line":53,"column":65}},"32":{"start":{"line":54,"column":8},"end":{"line":54,"column":80}},"33":{"start":{"line":55,"column":8},"end":{"line":55,"column":14}},"34":{"start":{"line":57,"column":8},"end":{"line":57,"column":72}},"35":{"start":{"line":58,"column":38},"end":{"line":58,"column":66}},"36":{"start":{"line":59,"column":8},"end":{"line":59,"column":81}},"37":{"start":{"line":60,"column":8},"end":{"line":60,"column":14}},"38":{"start":{"line":62,"column":8},"end":{"line":62,"column":73}},"39":{"start":{"line":63,"column":40},"end":{"line":63,"column":68}},"40":{"start":{"line":64,"column":8},"end":{"line":64,"column":83}},"41":{"start":{"line":65,"column":8},"end":{"line":65,"column":14}},"42":{"start":{"line":67,"column":8},"end":{"line":67,"column":72}},"43":{"start":{"line":68,"column":37},"end":{"line":68,"column":65}},"44":{"start":{"line":69,"column":8},"end":{"line":69,"column":80}},"45":{"start":{"line":70,"column":8},"end":{"line":70,"column":14}},"46":{"start":{"line":72,"column":8},"end":{"line":72,"column":72}},"47":{"start":{"line":73,"column":38},"end":{"line":73,"column":66}},"48":{"start":{"line":74,"column":8},"end":{"line":74,"column":81}},"49":{"start":{"line":75,"column":8},"end":{"line":75,"column":14}},"50":{"start":{"line":77,"column":8},"end":{"line":77,"column":20}},"51":{"start":{"line":79,"column":4},"end":{"line":79,"column":27}},"52":{"start":{"line":82,"column":29},"end":{"line":85,"column":3}},"53":{"start":{"line":83,"column":26},"end":{"line":83,"column":66}},"54":{"start":{"line":84,"column":4},"end":{"line":84,"column":99}},"55":{"start":{"line":84,"column":49},"end":{"line":84,"column":97}},"56":{"start":{"line":87,"column":35},"end":{"line":104,"column":3}},"57":{"start":{"line":88,"column":24},"end":{"line":88,"column":69}},"58":{"start":{"line":89,"column":28},"end":{"line":89,"column":30}},"59":{"start":{"line":90,"column":4},"end":{"line":102,"column":9}},"60":{"start":{"line":90,"column":31},"end":{"line":102,"column":7}},"61":{"start":{"line":90,"column":86},"end":{"line":102,"column":6}},"62":{"start":{"line":91,"column":25},"end":{"line":91,"column":54}},"63":{"start":{"line":92,"column":6},"end":{"line":101,"column":7}},"64":{"start":{"line":93,"column":8},"end":{"line":93,"column":108}},"65":{"start":{"line":95,"column":8},"end":{"line":100,"column":10}},"66":{"start":{"line":103,"column":4},"end":{"line":103,"column":44}},"67":{"start":{"line":106,"column":40},"end":{"line":117,"column":3}},"68":{"start":{"line":107,"column":4},"end":{"line":107,"column":33}},"69":{"start":{"line":108,"column":25},"end":{"line":108,"column":68}},"70":{"start":{"line":109,"column":20},"end":{"line":109,"column":46}},"71":{"start":{"line":110,"column":14},"end":{"line":114,"column":6}},"72":{"start":{"line":111,"column":6},"end":{"line":111,"column":161}},"73":{"start":{"line":112,"column":17},"end":{"line":112,"column":53}},"74":{"start":{"line":113,"column":6},"end":{"line":113,"column":130}},"75":{"start":{"line":115,"column":4},"end":{"line":115,"column":23}},"76":{"start":{"line":116,"column":4},"end":{"line":116,"column":13}},"77":{"start":{"line":119,"column":28},"end":{"line":119,"column":59}},"78":{"start":{"line":119,"column":35},"end":{"line":119,"column":59}},"79":{"start":{"line":121,"column":26},"end":{"line":128,"column":4}},"80":{"start":{"line":121,"column":32},"end":{"line":128,"column":4}},"81":{"start":{"line":122,"column":4},"end":{"line":127,"column":6}},"82":{"start":{"line":130,"column":20},"end":{"line":130,"column":88}},"83":{"start":{"line":130,"column":47},"end":{"line":130,"column":87}},"84":{"start":{"line":132,"column":2},"end":{"line":162,"column":3}},"85":{"start":{"line":146,"column":57},"end":{"line":146,"column":70}}},"fnMap":{"0":{"name":"(anonymous_0)","decl":{"start":{"line":10,"column":18},"end":{"line":10,"column":19}},"loc":{"start":{"line":10,"column":24},"end":{"line":163,"column":1}},"line":10},"1":{"name":"(anonymous_1)","decl":{"start":{"line":11,"column":32},"end":{"line":11,"column":33}},"loc":{"start":{"line":11,"column":41},"end":{"line":11,"column":61}},"line":11},"2":{"name":"(anonymous_2)","decl":{"start":{"line":17,"column":12},"end":{"line":17,"column":13}},"loc":{"start":{"line":17,"column":18},"end":{"line":39,"column":3}},"line":17},"3":{"name":"(anonymous_3)","decl":{"start":{"line":23,"column":20},"end":{"line":23,"column":21}},"loc":{"start":{"line":24,"column":8},"end":{"line":25,"column":43}},"line":24},"4":{"name":"(anonymous_4)","decl":{"start":{"line":25,"column":16},"end":{"line":25,"column":17}},"loc":{"start":{"line":25,"column":24},"end":{"line":25,"column":41}},"line":25},"5":{"name":"(anonymous_5)","decl":{"start":{"line":27,"column":11},"end":{"line":27,"column":12}},"loc":{"start":{"line":27,"column":22},"end":{"line":32,"column":5}},"line":27},"6":{"name":"(anonymous_6)","decl":{"start":{"line":28,"column":42},"end":{"line":28,"column":43}},"loc":{"start":{"line":29,"column":8},"end":{"line":29,"column":107}},"line":29},"7":{"name":"(anonymous_7)","decl":{"start":{"line":29,"column":32},"end":{"line":29,"column":33}},"loc":{"start":{"line":29,"column":55},"end":{"line":29,"column":105}},"line":29},"8":{"name":"(anonymous_8)","decl":{"start":{"line":33,"column":24},"end":{"line":33,"column":25}},"loc":{"start":{"line":33,"column":31},"end":{"line":33,"column":52}},"line":33},"9":{"name":"(anonymous_9)","decl":{"start":{"line":35,"column":11},"end":{"line":35,"column":12}},"loc":{"start":{"line":35,"column":17},"end":{"line":38,"column":5}},"line":35},"10":{"name":"(anonymous_10)","decl":{"start":{"line":41,"column":22},"end":{"line":41,"column":23}},"loc":{"start":{"line":41,"column":28},"end":{"line":41,"column":77}},"line":41},"11":{"name":"(anonymous_11)","decl":{"start":{"line":41,"column":48},"end":{"line":41,"column":49}},"loc":{"start":{"line":41,"column":55},"end":{"line":41,"column":76}},"line":41},"12":{"name":"(anonymous_12)","decl":{"start":{"line":43,"column":31},"end":{"line":43,"column":32}},"loc":{"start":{"line":43,"column":37},"end":{"line":80,"column":3}},"line":43},"13":{"name":"(anonymous_13)","decl":{"start":{"line":82,"column":29},"end":{"line":82,"column":30}},"loc":{"start":{"line":82,"column":43},"end":{"line":85,"column":3}},"line":82},"14":{"name":"(anonymous_14)","decl":{"start":{"line":84,"column":34},"end":{"line":84,"column":35}},"loc":{"start":{"line":84,"column":49},"end":{"line":84,"column":97}},"line":84},"15":{"name":"(anonymous_15)","decl":{"start":{"line":87,"column":35},"end":{"line":87,"column":36}},"loc":{"start":{"line":87,"column":41},"end":{"line":104,"column":3}},"line":87},"16":{"name":"(anonymous_16)","decl":{"start":{"line":90,"column":24},"end":{"line":90,"column":25}},"loc":{"start":{"line":90,"column":31},"end":{"line":102,"column":7}},"line":90},"17":{"name":"(anonymous_17)","decl":{"start":{"line":90,"column":59},"end":{"line":90,"column":60}},"loc":{"start":{"line":90,"column":86},"end":{"line":102,"column":6}},"line":90},"18":{"name":"(anonymous_18)","decl":{"start":{"line":90,"column":106},"end":{"line":90,"column":107}},"loc":{"start":{"line":90,"column":138},"end":{"line":102,"column":5}},"line":90},"19":{"name":"(anonymous_19)","decl":{"start":{"line":106,"column":40},"end":{"line":106,"column":41}},"loc":{"start":{"line":106,"column":58},"end":{"line":117,"column":3}},"line":106},"20":{"name":"(anonymous_20)","decl":{"start":{"line":110,"column":31},"end":{"line":110,"column":32}},"loc":{"start":{"line":110,"column":53},"end":{"line":114,"column":5}},"line":110},"21":{"name":"(anonymous_21)","decl":{"start":{"line":119,"column":28},"end":{"line":119,"column":29}},"loc":{"start":{"line":119,"column":35},"end":{"line":119,"column":59}},"line":119},"22":{"name":"(anonymous_22)","decl":{"start":{"line":121,"column":26},"end":{"line":121,"column":27}},"loc":{"start":{"line":121,"column":32},"end":{"line":128,"column":4}},"line":121},"23":{"name":"(anonymous_23)","decl":{"start":{"line":121,"column":62},"end":{"line":121,"column":63}},"loc":{"start":{"line":122,"column":4},"end":{"line":127,"column":6}},"line":122},"24":{"name":"(anonymous_24)","decl":{"start":{"line":130,"column":29},"end":{"line":130,"column":30}},"loc":{"start":{"line":130,"column":47},"end":{"line":130,"column":87}},"line":130},"25":{"name":"(anonymous_25)","decl":{"start":{"line":146,"column":51},"end":{"line":146,"column":52}},"loc":{"start":{"line":146,"column":57},"end":{"line":146,"column":70}},"line":146}},"branchMap":{"0":{"loc":{"start":{"line":46,"column":4},"end":{"line":78,"column":5}},"type":"switch","locations":[{"start":{"line":47,"column":6},"end":{"line":50,"column":13}},{"start":{"line":51,"column":6},"end":{"line":55,"column":14}},{"start":{"line":56,"column":6},"end":{"line":60,"column":14}},{"start":{"line":61,"column":6},"end":{"line":65,"column":14}},{"start":{"line":66,"column":6},"end":{"line":70,"column":14}},{"start":{"line":71,"column":6},"end":{"line":75,"column":14}},{"start":{"line":76,"column":6},"end":{"line":77,"column":20}}],"line":46},"1":{"loc":{"start":{"line":92,"column":6},"end":{"line":101,"column":7}},"type":"if","locations":[{"start":{"line":92,"column":6},"end":{"line":101,"column":7}},{"start":{"line":94,"column":13},"end":{"line":101,"column":7}}],"line":92},"2":{"loc":{"start":{"line":111,"column":6},"end":{"line":111,"column":160}},"type":"cond-expr","locations":[{"start":{"line":111,"column":47},"end":{"line":111,"column":102}},{"start":{"line":111,"column":105},"end":{"line":111,"column":160}}],"line":111}},"s":{"0":1,"1":6,"2":7,"3":5,"4":5,"5":5,"6":5,"7":2,"8":2,"9":2,"10":2,"11":4,"12":4,"13":2,"14":4,"15":4,"16":2,"17":2,"18":2,"19":2,"20":2,"21":2,"22":5,"23":1,"24":1,"25":5,"26":5,"27":5,"28":5,"29":5,"30":0,"31":0,"32":0,"33":0,"34":0,"35":0,"36":0,"37":0,"38":0,"39":0,"40":0,"41":0,"42":0,"43":0,"44":0,"45":0,"46":0,"47":0,"48":0,"49":0,"50":0,"51":5,"52":5,"53":0,"54":0,"55":0,"56":5,"57":5,"58":5,"59":5,"60":6,"61":6,"62":6,"63":6,"64":3,"65":3,"66":5,"67":5,"68":0,"69":0,"70":0,"71":0,"72":0,"73":0,"74":0,"75":0,"76":0,"77":5,"78":0,"79":5,"80":5,"81":30,"82":5,"83":5,"84":5,"85":1},"f":{"0":6,"1":7,"2":2,"3":4,"4":4,"5":2,"6":4,"7":4,"8":2,"9":2,"10":1,"11":1,"12":5,"13":0,"14":0,"15":5,"16":6,"17":6,"18":6,"19":0,"20":0,"21":0,"22":5,"23":30,"24":5,"25":1},"b":{"0":[5,0,0,0,0,0,0],"1":[3,3],"2":[0,0]},"_coverageSchema":"1a1c01bbd47fc00a2c39e90264f33305004495a9","hash":"929928346697c2942bae1fe532ffe040a4b56d04"}
,"/Users/tayyabiqbal/Desktop/Stockflow/frontend/components/dashboard/watchlist.jsx": {"path":"/Users/tayyabiqbal/Desktop/Stockflow/frontend/components/dashboard/watchlist.jsx","statementMap":{"0":{"start":{"line":8,"column":22},"end":{"line":48,"column":1}},"1":{"start":{"line":9,"column":20},"end":{"line":9,"column":90}},"2":{"start":{"line":9,"column":41},"end":{"line":9,"column":89}},"3":{"start":{"line":10,"column":28},"end":{"line":10,"column":106}},"4":{"start":{"line":10,"column":49},"end":{"line":10,"column":105}},"5":{"start":{"line":11,"column":40},"end":{"line":11,"column":52}},"6":{"start":{"line":13,"column":2},"end":{"line":25,"column":18}},"7":{"start":{"line":14,"column":4},"end":{"line":24,"column":7}},"8":{"start":{"line":15,"column":33},"end":{"line":15,"column":56}},"9":{"start":{"line":16,"column":8},"end":{"line":17,"column":43}},"10":{"start":{"line":17,"column":24},"end":{"line":17,"column":41}},"11":{"start":{"line":20,"column":26},"end":{"line":22,"column":7}},"12":{"start":{"line":21,"column":8},"end":{"line":21,"column":106}},"13":{"start":{"line":21,"column":55},"end":{"line":21,"column":104}},"14":{"start":{"line":23,"column":6},"end":{"line":23,"column":34}},"15":{"start":{"line":27,"column":2},"end":{"line":47,"column":4}},"16":{"start":{"line":27,"column":32},"end":{"line":47,"column":3}},"17":{"start":{"line":27,"column":89},"end":{"line":45,"column":9}}},"fnMap":{"0":{"name":"(anonymous_0)","decl":{"start":{"line":8,"column":22},"end":{"line":8,"column":23}},"loc":{"start":{"line":8,"column":28},"end":{"line":48,"column":1}},"line":8},"1":{"name":"(anonymous_1)","decl":{"start":{"line":9,"column":32},"end":{"line":9,"column":33}},"loc":{"start":{"line":9,"column":41},"end":{"line":9,"column":89}},"line":9},"2":{"name":"(anonymous_2)","decl":{"start":{"line":10,"column":40},"end":{"line":10,"column":41}},"loc":{"start":{"line":10,"column":49},"end":{"line":10,"column":105}},"line":10},"3":{"name":"(anonymous_3)","decl":{"start":{"line":13,"column":12},"end":{"line":13,"column":13}},"loc":{"start":{"line":13,"column":18},"end":{"line":25,"column":3}},"line":13},"4":{"name":"(anonymous_4)","decl":{"start":{"line":15,"column":20},"end":{"line":15,"column":21}},"loc":{"start":{"line":15,"column":33},"end":{"line":15,"column":56}},"line":15},"5":{"name":"(anonymous_5)","decl":{"start":{"line":15,"column":62},"end":{"line":15,"column":63}},"loc":{"start":{"line":16,"column":8},"end":{"line":17,"column":43}},"line":16},"6":{"name":"(anonymous_6)","decl":{"start":{"line":17,"column":16},"end":{"line":17,"column":17}},"loc":{"start":{"line":17,"column":24},"end":{"line":17,"column":41}},"line":17},"7":{"name":"(anonymous_7)","decl":{"start":{"line":19,"column":11},"end":{"line":19,"column":12}},"loc":{"start":{"line":19,"column":22},"end":{"line":24,"column":5}},"line":19},"8":{"name":"(anonymous_8)","decl":{"start":{"line":20,"column":42},"end":{"line":20,"column":43}},"loc":{"start":{"line":21,"column":8},"end":{"line":21,"column":106}},"line":21},"9":{"name":"(anonymous_9)","decl":{"start":{"line":21,"column":32},"end":{"line":21,"column":33}},"loc":{"start":{"line":21,"column":55},"end":{"line":21,"column":104}},"line":21},"10":{"name":"(anonymous_10)","decl":{"start":{"line":27,"column":25},"end":{"line":27,"column":26}},"loc":{"start":{"line":27,"column":32},"end":{"line":47,"column":3}},"line":27},"11":{"name":"(anonymous_11)","decl":{"start":{"line":27,"column":56},"end":{"line":27,"column":57}},"loc":{"start":{"line":27,"column":89},"end":{"line":45,"column":9}},"line":27}},"branchMap":{"0":{"loc":{"start":{"line":27,"column":89},"end":{"line":45,"column":9}},"type":"binary-expr","locations":[{"start":{"line":27,"column":89},"end":{"line":27,"column":107}},{"start":{"line":28,"column":6},"end":{"line":45,"column":9}}],"line":27},"1":{"loc":{"start":{"line":34,"column":17},"end":{"line":34,"column":116}},"type":"binary-expr","locations":[{"start":{"line":34,"column":17},"end":{"line":34,"column":42}},{"start":{"line":34,"column":46},"end":{"line":34,"column":116}}],"line":34}},"s":{"0":1,"1":6,"2":7,"3":5,"4":7,"5":5,"6":5,"7":2,"8":4,"9":4,"10":4,"11":2,"12":4,"13":4,"14":2,"15":5,"16":6,"17":6},"f":{"0":6,"1":7,"2":7,"3":2,"4":4,"5":4,"6":4,"7":2,"8":4,"9":4,"10":6,"11":6},"b":{"0":[6,6],"1":[6,6]},"_coverageSchema":"1a1c01bbd47fc00a2c39e90264f33305004495a9","hash":"4781bd7573d077a886e1fff10d54b21c2f82ee76"}
,"/Users/tayyabiqbal/Desktop/Stockflow/frontend/components/search_bar/search.jsx": {"path":"/Users/tayyabiqbal/Desktop/Stockflow/frontend/components/search_bar/search.jsx","statementMap":{"0":{"start":{"line":6,"column":15},"end":{"line":59,"column":1}},"1":{"start":{"line":7,"column":19},"end":{"line":7,"column":32}},"2":{"start":{"line":8,"column":24},"end":{"line":8,"column":67}},"3":{"start":{"line":8,"column":45},"end":{"line":8,"column":66}},"4":{"start":{"line":9,"column":44},"end":{"line":9,"column":56}},"5":{"start":{"line":10,"column":32},"end":{"line":10,"column":47}},"6":{"start":{"line":12,"column":23},"end":{"line":15,"column":3}},"7":{"start":{"line":13,"column":4},"end":{"line":13,"column":37}},"8":{"start":{"line":14,"column":4},"end":{"line":14,"column":42}},"9":{"start":{"line":17,"column":24},"end":{"line":31,"column":3}},"10":{"start":{"line":18,"column":4},"end":{"line":18,"column":76}},"11":{"start":{"line":18,"column":32},"end":{"line":18,"column":74}},"12":{"start":{"line":19,"column":4},"end":{"line":30,"column":7}},"13":{"start":{"line":20,"column":6},"end":{"line":29,"column":11}},"14":{"start":{"line":20,"column":63},"end":{"line":20,"column":83}},"15":{"start":{"line":33,"column":21},"end":{"line":39,"column":3}},"16":{"start":{"line":34,"column":4},"end":{"line":38,"column":12}},"17":{"start":{"line":35,"column":6},"end":{"line":37,"column":7}},"18":{"start":{"line":36,"column":8},"end":{"line":36,"column":26}},"19":{"start":{"line":41,"column":22},"end":{"line":45,"column":3}},"20":{"start":{"line":42,"column":4},"end":{"line":44,"column":5}},"21":{"start":{"line":43,"column":6},"end":{"line":43,"column":22}},"22":{"start":{"line":47,"column":2},"end":{"line":58,"column":3}}},"fnMap":{"0":{"name":"(anonymous_0)","decl":{"start":{"line":6,"column":15},"end":{"line":6,"column":16}},"loc":{"start":{"line":6,"column":21},"end":{"line":59,"column":1}},"line":6},"1":{"name":"(anonymous_1)","decl":{"start":{"line":8,"column":36},"end":{"line":8,"column":37}},"loc":{"start":{"line":8,"column":45},"end":{"line":8,"column":66}},"line":8},"2":{"name":"(anonymous_2)","decl":{"start":{"line":12,"column":23},"end":{"line":12,"column":24}},"loc":{"start":{"line":12,"column":30},"end":{"line":15,"column":3}},"line":12},"3":{"name":"(anonymous_3)","decl":{"start":{"line":17,"column":24},"end":{"line":17,"column":25}},"loc":{"start":{"line":17,"column":30},"end":{"line":31,"column":3}},"line":17},"4":{"name":"(anonymous_4)","decl":{"start":{"line":19,"column":29},"end":{"line":19,"column":30}},"loc":{"start":{"line":20,"column":6},"end":{"line":29,"column":11}},"line":20},"5":{"name":"(anonymous_5)","decl":{"start":{"line":20,"column":57},"end":{"line":20,"column":58}},"loc":{"start":{"line":20,"column":63},"end":{"line":20,"column":83}},"line":20},"6":{"name":"(anonymous_6)","decl":{"start":{"line":33,"column":21},"end":{"line":33,"column":22}},"loc":{"start":{"line":33,"column":27},"end":{"line":39,"column":3}},"line":33},"7":{"name":"(anonymous_7)","decl":{"start":{"line":34,"column":15},"end":{"line":34,"column":16}},"loc":{"start":{"line":34,"column":21},"end":{"line":38,"column":5}},"line":34},"8":{"name":"(anonymous_8)","decl":{"start":{"line":41,"column":22},"end":{"line":41,"column":23}},"loc":{"start":{"line":41,"column":28},"end":{"line":45,"column":3}},"line":41}},"branchMap":{"0":{"loc":{"start":{"line":18,"column":4},"end":{"line":18,"column":76}},"type":"if","locations":[{"start":{"line":18,"column":4},"end":{"line":18,"column":76}},{"start":{},"end":{}}],"line":18},"1":{"loc":{"start":{"line":35,"column":6},"end":{"line":37,"column":7}},"type":"if","locations":[{"start":{"line":35,"column":6},"end":{"line":37,"column":7}},{"start":{},"end":{}}],"line":35},"2":{"loc":{"start":{"line":42,"column":4},"end":{"line":44,"column":5}},"type":"if","locations":[{"start":{"line":42,"column":4},"end":{"line":44,"column":5}},{"start":{},"end":{}}],"line":42},"3":{"loc":{"start":{"line":51,"column":9},"end":{"line":55,"column":14}},"type":"binary-expr","locations":[{"start":{"line":51,"column":9},"end":{"line":51,"column":33}},{"start":{"line":51,"column":37},"end":{"line":55,"column":14}}],"line":51}},"s":{"0":1,"1":36,"2":36,"3":44,"4":36,"5":36,"6":36,"7":20,"8":20,"9":36,"10":36,"11":14,"12":22,"13":44,"14":1,"15":36,"16":3,"17":3,"18":3,"19":36,"20":9,"21":5,"22":36},"f":{"0":36,"1":44,"2":20,"3":36,"4":44,"5":1,"6":3,"7":3,"8":9},"b":{"0":[14,22],"1":[3,0],"2":[5,4],"3":[36,36]},"_coverageSchema":"1a1c01bbd47fc00a2c39e90264f33305004495a9","hash":"1adda68568b995d929412c496ef4d760383be452"}
,"/Users/tayyabiqbal/Desktop/Stockflow/frontend/components/stock_show/news_item.jsx": {"path":"/Users/tayyabiqbal/Desktop/Stockflow/frontend/components/stock_show/news_item.jsx","statementMap":{"0":{"start":{"line":3,"column":17},"end":{"line":21,"column":1}},"1":{"start":{"line":4,"column":2},"end":{"line":20,"column":5}}},"fnMap":{"0":{"name":"(anonymous_0)","decl":{"start":{"line":3,"column":17},"end":{"line":3,"column":18}},"loc":{"start":{"line":4,"column":2},"end":{"line":20,"column":5}},"line":4}},"branchMap":{},"s":{"0":3,"1":106},"f":{"0":106},"b":{},"_coverageSchema":"1a1c01bbd47fc00a2c39e90264f33305004495a9","hash":"d15131b6e35b5414aec94ba389bb1540122aa79e"}
,"/Users/tayyabiqbal/Desktop/Stockflow/frontend/components/stock_show/stock_graph.jsx": {"path":"/Users/tayyabiqbal/Desktop/Stockflow/frontend/components/stock_show/stock_graph.jsx","statementMap":{"0":{"start":{"line":6,"column":19},"end":{"line":100,"column":1}},"1":{"start":{"line":7,"column":28},"end":{"line":7,"column":50}},"2":{"start":{"line":8,"column":42},"end":{"line":8,"column":64}},"3":{"start":{"line":9,"column":52},"end":{"line":9,"column":74}},"4":{"start":{"line":11,"column":22},"end":{"line":19,"column":3}},"5":{"start":{"line":12,"column":4},"end":{"line":18,"column":5}},"6":{"start":{"line":13,"column":6},"end":{"line":17,"column":7}},"7":{"start":{"line":14,"column":8},"end":{"line":14,"column":23}},"8":{"start":{"line":16,"column":8},"end":{"line":16,"column":35}},"9":{"start":{"line":21,"column":2},"end":{"line":25,"column":40}},"10":{"start":{"line":22,"column":4},"end":{"line":22,"column":27}},"11":{"start":{"line":23,"column":4},"end":{"line":23,"column":34}},"12":{"start":{"line":24,"column":4},"end":{"line":24,"column":39}},"13":{"start":{"line":27,"column":22},"end":{"line":35,"column":3}},"14":{"start":{"line":28,"column":4},"end":{"line":34,"column":5}},"15":{"start":{"line":29,"column":6},"end":{"line":33,"column":7}},"16":{"start":{"line":30,"column":8},"end":{"line":30,"column":31}},"17":{"start":{"line":32,"column":8},"end":{"line":32,"column":71}},"18":{"start":{"line":32,"column":29},"end":{"line":32,"column":42}},"19":{"start":{"line":32,"column":57},"end":{"line":32,"column":70}},"20":{"start":{"line":37,"column":24},"end":{"line":45,"column":3}},"21":{"start":{"line":38,"column":4},"end":{"line":44,"column":5}},"22":{"start":{"line":39,"column":6},"end":{"line":43,"column":7}},"23":{"start":{"line":47,"column":26},"end":{"line":51,"column":3}},"24":{"start":{"line":48,"column":4},"end":{"line":50,"column":5}},"25":{"start":{"line":49,"column":6},"end":{"line":49,"column":49}},"26":{"start":{"line":53,"column":27},"end":{"line":53,"column":55}},"27":{"start":{"line":53,"column":33},"end":{"line":53,"column":55}},"28":{"start":{"line":55,"column":2},"end":{"line":57,"column":3}},"29":{"start":{"line":56,"column":4},"end":{"line":56,"column":40}},"30":{"start":{"line":59,"column":2},"end":{"line":99,"column":3}}},"fnMap":{"0":{"name":"(anonymous_0)","decl":{"start":{"line":6,"column":19},"end":{"line":6,"column":20}},"loc":{"start":{"line":6,"column":73},"end":{"line":100,"column":1}},"line":6},"1":{"name":"(anonymous_1)","decl":{"start":{"line":11,"column":22},"end":{"line":11,"column":23}},"loc":{"start":{"line":11,"column":28},"end":{"line":19,"column":3}},"line":11},"2":{"name":"(anonymous_2)","decl":{"start":{"line":21,"column":12},"end":{"line":21,"column":13}},"loc":{"start":{"line":21,"column":18},"end":{"line":25,"column":3}},"line":21},"3":{"name":"(anonymous_3)","decl":{"start":{"line":27,"column":22},"end":{"line":27,"column":23}},"loc":{"start":{"line":27,"column":28},"end":{"line":35,"column":3}},"line":27},"4":{"name":"(anonymous_4)","decl":{"start":{"line":32,"column":16},"end":{"line":32,"column":17}},"loc":{"start":{"line":32,"column":29},"end":{"line":32,"column":42}},"line":32},"5":{"name":"(anonymous_5)","decl":{"start":{"line":32,"column":44},"end":{"line":32,"column":45}},"loc":{"start":{"line":32,"column":57},"end":{"line":32,"column":70}},"line":32},"6":{"name":"(anonymous_6)","decl":{"start":{"line":37,"column":24},"end":{"line":37,"column":25}},"loc":{"start":{"line":37,"column":41},"end":{"line":45,"column":3}},"line":37},"7":{"name":"(anonymous_7)","decl":{"start":{"line":47,"column":26},"end":{"line":47,"column":27}},"loc":{"start":{"line":47,"column":33},"end":{"line":51,"column":3}},"line":47},"8":{"name":"(anonymous_8)","decl":{"start":{"line":53,"column":27},"end":{"line":53,"column":28}},"loc":{"start":{"line":53,"column":33},"end":{"line":53,"column":55}},"line":53}},"branchMap":{"0":{"loc":{"start":{"line":6,"column":22},"end":{"line":6,"column":31}},"type":"default-arg","locations":[{"start":{"line":6,"column":29},"end":{"line":6,"column":31}}],"line":6},"1":{"loc":{"start":{"line":12,"column":4},"end":{"line":18,"column":5}},"type":"if","locations":[{"start":{"line":12,"column":4},"end":{"line":18,"column":5}},{"start":{},"end":{}}],"line":12},"2":{"loc":{"start":{"line":13,"column":6},"end":{"line":17,"column":7}},"type":"if","locations":[{"start":{"line":13,"column":6},"end":{"line":17,"column":7}},{"start":{"line":15,"column":13},"end":{"line":17,"column":7}}],"line":13},"3":{"loc":{"start":{"line":28,"column":4},"end":{"line":34,"column":5}},"type":"if","locations":[{"start":{"line":28,"column":4},"end":{"line":34,"column":5}},{"start":{},"end":{}}],"line":28},"4":{"loc":{"start":{"line":29,"column":6},"end":{"line":33,"column":7}},"type":"if","locations":[{"start":{"line":29,"column":6},"end":{"line":33,"column":7}},{"start":{"line":31,"column":13},"end":{"line":33,"column":7}}],"line":29},"5":{"loc":{"start":{"line":38,"column":4},"end":{"line":44,"column":5}},"type":"if","locations":[{"start":{"line":38,"column":4},"end":{"line":44,"column":5}},{"start":{},"end":{}}],"line":38},"6":{"loc":{"start":{"line":48,"column":4},"end":{"line":50,"column":5}},"type":"if","locations":[{"start":{"line":48,"column":4},"end":{"line":50,"column":5}},{"start":{},"end":{}}],"line":48},"7":{"loc":{"start":{"line":55,"column":2},"end":{"line":57,"column":3}},"type":"if","locations":[{"start":{"line":55,"column":2},"end":{"line":57,"column":3}},{"start":{},"end":{}}],"line":55},"8":{"loc":{"start":{"line":55,"column":6},"end":{"line":55,"column":32}},"type":"binary-expr","locations":[{"start":{"line":55,"column":6},"end":{"line":55,"column":11}},{"start":{"line":55,"column":15},"end":{"line":55,"column":32}}],"line":55}},"s":{"0":3,"1":73,"2":73,"3":73,"4":73,"5":70,"6":70,"7":1,"8":69,"9":73,"10":25,"11":25,"12":25,"13":73,"14":70,"15":70,"16":64,"17":6,"18":1,"19":1,"20":73,"21":1,"22":0,"23":73,"24":0,"25":0,"26":73,"27":0,"28":73,"29":3,"30":70},"f":{"0":73,"1":70,"2":25,"3":70,"4":1,"5":1,"6":1,"7":0,"8":0},"b":{"0":[0],"1":[70,0],"2":[1,69],"3":[70,0],"4":[64,6],"5":[0,1],"6":[0,0],"7":[3,70],"8":[73,73]},"_coverageSchema":"1a1c01bbd47fc00a2c39e90264f33305004495a9","hash":"30ce601ce7d2a465cff5fd174be41d90f311beba"}
,"/Users/tayyabiqbal/Desktop/Stockflow/frontend/components/stock_show/stock_show.jsx": {"path":"/Users/tayyabiqbal/Desktop/Stockflow/frontend/components/stock_show/stock_show.jsx","statementMap":{"0":{"start":{"line":12,"column":18},"end":{"line":434,"column":1}},"1":{"start":{"line":13,"column":21},"end":{"line":13,"column":32}},"2":{"start":{"line":14,"column":19},"end":{"line":14,"column":32}},"3":{"start":{"line":16,"column":15},"end":{"line":16,"column":75}},"4":{"start":{"line":16,"column":36},"end":{"line":16,"column":74}},"5":{"start":{"line":17,"column":26},"end":{"line":17,"column":68}},"6":{"start":{"line":17,"column":47},"end":{"line":17,"column":67}},"7":{"start":{"line":19,"column":40},"end":{"line":19,"column":94}},"8":{"start":{"line":20,"column":36},"end":{"line":20,"column":48}},"9":{"start":{"line":21,"column":26},"end":{"line":21,"column":38}},"10":{"start":{"line":22,"column":34},"end":{"line":22,"column":46}},"11":{"start":{"line":23,"column":46},"end":{"line":23,"column":58}},"12":{"start":{"line":24,"column":26},"end":{"line":24,"column":50}},"13":{"start":{"line":25,"column":26},"end":{"line":25,"column":38}},"14":{"start":{"line":26,"column":40},"end":{"line":26,"column":54}},"15":{"start":{"line":27,"column":36},"end":{"line":27,"column":51}},"16":{"start":{"line":28,"column":30},"end":{"line":28,"column":44}},"17":{"start":{"line":29,"column":32},"end":{"line":29,"column":46}},"18":{"start":{"line":30,"column":50},"end":{"line":30,"column":64}},"19":{"start":{"line":31,"column":62},"end":{"line":31,"column":73}},"20":{"start":{"line":32,"column":63},"end":{"line":32,"column":77}},"21":{"start":{"line":37,"column":27},"end":{"line":40,"column":20}},"22":{"start":{"line":38,"column":29},"end":{"line":38,"column":71}},"23":{"start":{"line":38,"column":54},"end":{"line":38,"column":70}},"24":{"start":{"line":39,"column":4},"end":{"line":39,"column":54}},"25":{"start":{"line":42,"column":2},"end":{"line":66,"column":37}},"26":{"start":{"line":44,"column":4},"end":{"line":44,"column":52}},"27":{"start":{"line":45,"column":4},"end":{"line":45,"column":40}},"28":{"start":{"line":48,"column":4},"end":{"line":48,"column":99}},"29":{"start":{"line":48,"column":50},"end":{"line":48,"column":97}},"30":{"start":{"line":51,"column":4},"end":{"line":51,"column":51}},"31":{"start":{"line":51,"column":37},"end":{"line":51,"column":49}},"32":{"start":{"line":52,"column":4},"end":{"line":52,"column":72}},"33":{"start":{"line":52,"column":38},"end":{"line":52,"column":70}},"34":{"start":{"line":53,"column":4},"end":{"line":58,"column":6}},"35":{"start":{"line":54,"column":6},"end":{"line":57,"column":9}},"36":{"start":{"line":55,"column":8},"end":{"line":55,"column":33}},"37":{"start":{"line":56,"column":8},"end":{"line":56,"column":48}},"38":{"start":{"line":60,"column":4},"end":{"line":60,"column":23}},"39":{"start":{"line":62,"column":4},"end":{"line":65,"column":5}},"40":{"start":{"line":63,"column":6},"end":{"line":63,"column":52}},"41":{"start":{"line":64,"column":6},"end":{"line":64,"column":42}},"42":{"start":{"line":69,"column":22},"end":{"line":72,"column":3}},"43":{"start":{"line":69,"column":33},"end":{"line":72,"column":3}},"44":{"start":{"line":70,"column":4},"end":{"line":70,"column":26}},"45":{"start":{"line":71,"column":4},"end":{"line":71,"column":33}},"46":{"start":{"line":74,"column":23},"end":{"line":85,"column":3}},"47":{"start":{"line":75,"column":20},"end":{"line":75,"column":40}},"48":{"start":{"line":76,"column":4},"end":{"line":83,"column":5}},"49":{"start":{"line":77,"column":14},"end":{"line":77,"column":15}},"50":{"start":{"line":78,"column":6},"end":{"line":81,"column":7}},"51":{"start":{"line":79,"column":8},"end":{"line":79,"column":19}},"52":{"start":{"line":80,"column":8},"end":{"line":80,"column":14}},"53":{"start":{"line":82,"column":6},"end":{"line":82,"column":49}},"54":{"start":{"line":84,"column":4},"end":{"line":84,"column":14}},"55":{"start":{"line":87,"column":23},"end":{"line":93,"column":3}},"56":{"start":{"line":87,"column":29},"end":{"line":93,"column":3}},"57":{"start":{"line":88,"column":17},"end":{"line":88,"column":27}},"58":{"start":{"line":89,"column":4},"end":{"line":92,"column":5}},"59":{"start":{"line":90,"column":6},"end":{"line":90,"column":42}},"60":{"start":{"line":91,"column":6},"end":{"line":91,"column":28}},"61":{"start":{"line":95,"column":30},"end":{"line":100,"column":3}},"62":{"start":{"line":96,"column":4},"end":{"line":98,"column":5}},"63":{"start":{"line":97,"column":6},"end":{"line":97,"column":78}},"64":{"start":{"line":99,"column":4},"end":{"line":99,"column":15}},"65":{"start":{"line":102,"column":32},"end":{"line":115,"column":3}},"66":{"start":{"line":102,"column":44},"end":{"line":115,"column":3}},"67":{"start":{"line":103,"column":4},"end":{"line":103,"column":24}},"68":{"start":{"line":104,"column":26},"end":{"line":104,"column":51}},"69":{"start":{"line":105,"column":4},"end":{"line":114,"column":5}},"70":{"start":{"line":106,"column":6},"end":{"line":111,"column":11}},"71":{"start":{"line":108,"column":10},"end":{"line":108,"column":39}},"72":{"start":{"line":109,"column":10},"end":{"line":109,"column":43}},"73":{"start":{"line":110,"column":10},"end":{"line":110,"column":39}},"74":{"start":{"line":113,"column":6},"end":{"line":113,"column":27}},"75":{"start":{"line":117,"column":32},"end":{"line":131,"column":3}},"76":{"start":{"line":118,"column":4},"end":{"line":130,"column":5}},"77":{"start":{"line":119,"column":6},"end":{"line":123,"column":8}},"78":{"start":{"line":125,"column":6},"end":{"line":129,"column":8}},"79":{"start":{"line":133,"column":28},"end":{"line":143,"column":3}},"80":{"start":{"line":134,"column":17},"end":{"line":134,"column":23}},"81":{"start":{"line":135,"column":21},"end":{"line":135,"column":43}},"82":{"start":{"line":136,"column":27},"end":{"line":136,"column":45}},"83":{"start":{"line":137,"column":4},"end":{"line":142,"column":5}},"84":{"start":{"line":138,"column":23},"end":{"line":138,"column":76}},"85":{"start":{"line":139,"column":6},"end":{"line":139,"column":177}},"86":{"start":{"line":141,"column":6},"end":{"line":141,"column":150}},"87":{"start":{"line":145,"column":20},"end":{"line":151,"column":3}},"88":{"start":{"line":145,"column":26},"end":{"line":151,"column":3}},"89":{"start":{"line":146,"column":4},"end":{"line":146,"column":18}},"90":{"start":{"line":147,"column":4},"end":{"line":147,"column":19}},"91":{"start":{"line":148,"column":4},"end":{"line":148,"column":28}},"92":{"start":{"line":149,"column":4},"end":{"line":149,"column":24}},"93":{"start":{"line":150,"column":4},"end":{"line":150,"column":22}},"94":{"start":{"line":153,"column":21},"end":{"line":159,"column":3}},"95":{"start":{"line":153,"column":27},"end":{"line":159,"column":3}},"96":{"start":{"line":154,"column":4},"end":{"line":154,"column":18}},"97":{"start":{"line":155,"column":4},"end":{"line":155,"column":19}},"98":{"start":{"line":156,"column":4},"end":{"line":156,"column":28}},"99":{"start":{"line":157,"column":4},"end":{"line":157,"column":25}},"100":{"start":{"line":158,"column":4},"end":{"line":158,"column":22}},"101":{"start":{"line":161,"column":25},"end":{"line":185,"column":3}},"102":{"start":{"line":161,"column":31},"end":{"line":185,"column":3}},"103":{"start":{"line":162,"column":4},"end":{"line":162,"column":23}},"104":{"start":{"line":163,"column":4},"end":{"line":163,"column":18}},"105":{"start":{"line":164,"column":4},"end":{"line":164,"column":19}},"106":{"start":{"line":165,"column":28},"end":{"line":170,"column":5}},"107":{"start":{"line":172,"column":19},"end":{"line":172,"column":33}},"108":{"start":{"line":174,"column":4},"end":{"line":177,"column":5}},"109":{"start":{"line":175,"column":6},"end":{"line":175,"column":24}},"110":{"start":{"line":176,"column":6},"end":{"line":176,"column":13}},"111":{"start":{"line":179,"column":4},"end":{"line":184,"column":8}},"112":{"start":{"line":180,"column":18},"end":{"line":180,"column":34}},"113":{"start":{"line":182,"column":8},"end":{"line":182,"column":32}},"114":{"start":{"line":183,"column":8},"end":{"line":183,"column":36}},"115":{"start":{"line":187,"column":25},"end":{"line":193,"column":3}},"116":{"start":{"line":188,"column":4},"end":{"line":192,"column":5}},"117":{"start":{"line":189,"column":28},"end":{"line":189,"column":53}},"118":{"start":{"line":190,"column":6},"end":{"line":191,"column":38}},"119":{"start":{"line":191,"column":20},"end":{"line":191,"column":36}},"120":{"start":{"line":195,"column":25},"end":{"line":202,"column":3}},"121":{"start":{"line":196,"column":4},"end":{"line":196,"column":25}},"122":{"start":{"line":197,"column":4},"end":{"line":201,"column":6}},"123":{"start":{"line":204,"column":30},"end":{"line":224,"column":3}},"124":{"start":{"line":205,"column":28},"end":{"line":205,"column":53}},"125":{"start":{"line":206,"column":30},"end":{"line":206,"column":52}},"126":{"start":{"line":208,"column":4},"end":{"line":223,"column":5}},"127":{"start":{"line":209,"column":6},"end":{"line":209,"column":60}},"128":{"start":{"line":210,"column":6},"end":{"line":215,"column":8}},"129":{"start":{"line":217,"column":6},"end":{"line":222,"column":11}},"130":{"start":{"line":219,"column":10},"end":{"line":219,"column":32}},"131":{"start":{"line":220,"column":10},"end":{"line":220,"column":39}},"132":{"start":{"line":221,"column":10},"end":{"line":221,"column":43}},"133":{"start":{"line":226,"column":26},"end":{"line":226,"column":96}},"134":{"start":{"line":226,"column":32},"end":{"line":226,"column":96}},"135":{"start":{"line":228,"column":23},"end":{"line":260,"column":3}},"136":{"start":{"line":229,"column":4},"end":{"line":234,"column":5}},"137":{"start":{"line":230,"column":6},"end":{"line":233,"column":12}},"138":{"start":{"line":235,"column":4},"end":{"line":259,"column":5}},"139":{"start":{"line":236,"column":23},"end":{"line":236,"column":44}},"140":{"start":{"line":237,"column":28},"end":{"line":237,"column":51}},"141":{"start":{"line":238,"column":6},"end":{"line":248,"column":7}},"142":{"start":{"line":239,"column":8},"end":{"line":247,"column":14}},"143":{"start":{"line":250,"column":19},"end":{"line":250,"column":25}},"144":{"start":{"line":251,"column":23},"end":{"line":251,"column":45}},"145":{"start":{"line":252,"column":29},"end":{"line":252,"column":47}},"146":{"start":{"line":253,"column":6},"end":{"line":258,"column":7}},"147":{"start":{"line":254,"column":8},"end":{"line":257,"column":14}},"148":{"start":{"line":262,"column":22},"end":{"line":262,"column":43}},"149":{"start":{"line":262,"column":28},"end":{"line":262,"column":43}},"150":{"start":{"line":264,"column":23},"end":{"line":267,"column":3}},"151":{"start":{"line":265,"column":4},"end":{"line":265,"column":21}},"152":{"start":{"line":266,"column":4},"end":{"line":266,"column":30}},"153":{"start":{"line":273,"column":24},"end":{"line":287,"column":3}},"154":{"start":{"line":274,"column":4},"end":{"line":286,"column":5}},"155":{"start":{"line":275,"column":6},"end":{"line":281,"column":7}},"156":{"start":{"line":283,"column":6},"end":{"line":285,"column":12}},"157":{"start":{"line":289,"column":20},"end":{"line":289,"column":88}},"158":{"start":{"line":289,"column":47},"end":{"line":289,"column":87}},"159":{"start":{"line":291,"column":26},"end":{"line":300,"column":3}},"160":{"start":{"line":292,"column":4},"end":{"line":299,"column":6}},"161":{"start":{"line":293,"column":33},"end":{"line":293,"column":76}},"162":{"start":{"line":294,"column":6},"end":{"line":298,"column":43}},"163":{"start":{"line":302,"column":2},"end":{"line":433,"column":3}}},"fnMap":{"0":{"name":"(anonymous_0)","decl":{"start":{"line":12,"column":18},"end":{"line":12,"column":19}},"loc":{"start":{"line":12,"column":24},"end":{"line":434,"column":1}},"line":12},"1":{"name":"(anonymous_1)","decl":{"start":{"line":16,"column":27},"end":{"line":16,"column":28}},"loc":{"start":{"line":16,"column":36},"end":{"line":16,"column":74}},"line":16},"2":{"name":"(anonymous_2)","decl":{"start":{"line":17,"column":38},"end":{"line":17,"column":39}},"loc":{"start":{"line":17,"column":47},"end":{"line":17,"column":67}},"line":17},"3":{"name":"(anonymous_3)","decl":{"start":{"line":37,"column":39},"end":{"line":37,"column":40}},"loc":{"start":{"line":37,"column":45},"end":{"line":40,"column":3}},"line":37},"4":{"name":"(anonymous_4)","decl":{"start":{"line":38,"column":48},"end":{"line":38,"column":49}},"loc":{"start":{"line":38,"column":54},"end":{"line":38,"column":70}},"line":38},"5":{"name":"(anonymous_5)","decl":{"start":{"line":42,"column":12},"end":{"line":42,"column":13}},"loc":{"start":{"line":42,"column":18},"end":{"line":66,"column":3}},"line":42},"6":{"name":"(anonymous_6)","decl":{"start":{"line":48,"column":43},"end":{"line":48,"column":44}},"loc":{"start":{"line":48,"column":50},"end":{"line":48,"column":97}},"line":48},"7":{"name":"(anonymous_7)","decl":{"start":{"line":51,"column":30},"end":{"line":51,"column":31}},"loc":{"start":{"line":51,"column":37},"end":{"line":51,"column":49}},"line":51},"8":{"name":"(anonymous_8)","decl":{"start":{"line":52,"column":31},"end":{"line":52,"column":32}},"loc":{"start":{"line":52,"column":38},"end":{"line":52,"column":70}},"line":52},"9":{"name":"(anonymous_9)","decl":{"start":{"line":53,"column":37},"end":{"line":53,"column":38}},"loc":{"start":{"line":53,"column":58},"end":{"line":58,"column":5}},"line":53},"10":{"name":"(anonymous_10)","decl":{"start":{"line":54,"column":52},"end":{"line":54,"column":53}},"loc":{"start":{"line":54,"column":63},"end":{"line":57,"column":7}},"line":54},"11":{"name":"(anonymous_11)","decl":{"start":{"line":62,"column":11},"end":{"line":62,"column":12}},"loc":{"start":{"line":62,"column":17},"end":{"line":65,"column":5}},"line":62},"12":{"name":"(anonymous_12)","decl":{"start":{"line":69,"column":22},"end":{"line":69,"column":23}},"loc":{"start":{"line":69,"column":33},"end":{"line":72,"column":3}},"line":69},"13":{"name":"(anonymous_13)","decl":{"start":{"line":69,"column":33},"end":{"line":69,"column":34}},"loc":{"start":{"line":69,"column":39},"end":{"line":72,"column":3}},"line":69},"14":{"name":"(anonymous_14)","decl":{"start":{"line":74,"column":23},"end":{"line":74,"column":24}},"loc":{"start":{"line":74,"column":32},"end":{"line":85,"column":3}},"line":74},"15":{"name":"(anonymous_15)","decl":{"start":{"line":87,"column":23},"end":{"line":87,"column":24}},"loc":{"start":{"line":87,"column":29},"end":{"line":93,"column":3}},"line":87},"16":{"name":"(anonymous_16)","decl":{"start":{"line":87,"column":29},"end":{"line":87,"column":30}},"loc":{"start":{"line":87,"column":34},"end":{"line":93,"column":3}},"line":87},"17":{"name":"(anonymous_17)","decl":{"start":{"line":95,"column":30},"end":{"line":95,"column":31}},"loc":{"start":{"line":95,"column":36},"end":{"line":100,"column":3}},"line":95},"18":{"name":"(anonymous_18)","decl":{"start":{"line":102,"column":32},"end":{"line":102,"column":33}},"loc":{"start":{"line":102,"column":44},"end":{"line":115,"column":3}},"line":102},"19":{"name":"(anonymous_19)","decl":{"start":{"line":102,"column":44},"end":{"line":102,"column":45}},"loc":{"start":{"line":102,"column":51},"end":{"line":115,"column":3}},"line":102},"20":{"name":"(anonymous_20)","decl":{"start":{"line":107,"column":14},"end":{"line":107,"column":15}},"loc":{"start":{"line":107,"column":20},"end":{"line":111,"column":9}},"line":107},"21":{"name":"(anonymous_21)","decl":{"start":{"line":117,"column":32},"end":{"line":117,"column":33}},"loc":{"start":{"line":117,"column":38},"end":{"line":131,"column":3}},"line":117},"22":{"name":"(anonymous_22)","decl":{"start":{"line":133,"column":28},"end":{"line":133,"column":29}},"loc":{"start":{"line":133,"column":34},"end":{"line":143,"column":3}},"line":133},"23":{"name":"(anonymous_23)","decl":{"start":{"line":145,"column":20},"end":{"line":145,"column":21}},"loc":{"start":{"line":145,"column":26},"end":{"line":151,"column":3}},"line":145},"24":{"name":"(anonymous_24)","decl":{"start":{"line":145,"column":26},"end":{"line":145,"column":27}},"loc":{"start":{"line":145,"column":32},"end":{"line":151,"column":3}},"line":145},"25":{"name":"(anonymous_25)","decl":{"start":{"line":153,"column":21},"end":{"line":153,"column":22}},"loc":{"start":{"line":153,"column":27},"end":{"line":159,"column":3}},"line":153},"26":{"name":"(anonymous_26)","decl":{"start":{"line":153,"column":27},"end":{"line":153,"column":28}},"loc":{"start":{"line":153,"column":33},"end":{"line":159,"column":3}},"line":153},"27":{"name":"(anonymous_27)","decl":{"start":{"line":161,"column":25},"end":{"line":161,"column":26}},"loc":{"start":{"line":161,"column":31},"end":{"line":185,"column":3}},"line":161},"28":{"name":"(anonymous_28)","decl":{"start":{"line":161,"column":31},"end":{"line":161,"column":32}},"loc":{"start":{"line":161,"column":38},"end":{"line":185,"column":3}},"line":161},"29":{"name":"(anonymous_29)","decl":{"start":{"line":180,"column":12},"end":{"line":180,"column":13}},"loc":{"start":{"line":180,"column":18},"end":{"line":180,"column":34}},"line":180},"30":{"name":"(anonymous_30)","decl":{"start":{"line":181,"column":12},"end":{"line":181,"column":13}},"loc":{"start":{"line":181,"column":18},"end":{"line":184,"column":7}},"line":181},"31":{"name":"(anonymous_31)","decl":{"start":{"line":187,"column":25},"end":{"line":187,"column":26}},"loc":{"start":{"line":187,"column":31},"end":{"line":193,"column":3}},"line":187},"32":{"name":"(anonymous_32)","decl":{"start":{"line":191,"column":14},"end":{"line":191,"column":15}},"loc":{"start":{"line":191,"column":20},"end":{"line":191,"column":36}},"line":191},"33":{"name":"(anonymous_33)","decl":{"start":{"line":195,"column":25},"end":{"line":195,"column":26}},"loc":{"start":{"line":195,"column":31},"end":{"line":202,"column":3}},"line":195},"34":{"name":"(anonymous_34)","decl":{"start":{"line":204,"column":30},"end":{"line":204,"column":31}},"loc":{"start":{"line":204,"column":36},"end":{"line":224,"column":3}},"line":204},"35":{"name":"(anonymous_35)","decl":{"start":{"line":218,"column":14},"end":{"line":218,"column":15}},"loc":{"start":{"line":218,"column":20},"end":{"line":222,"column":9}},"line":218},"36":{"name":"(anonymous_36)","decl":{"start":{"line":226,"column":26},"end":{"line":226,"column":27}},"loc":{"start":{"line":226,"column":32},"end":{"line":226,"column":96}},"line":226},"37":{"name":"(anonymous_37)","decl":{"start":{"line":228,"column":23},"end":{"line":228,"column":24}},"loc":{"start":{"line":228,"column":29},"end":{"line":260,"column":3}},"line":228},"38":{"name":"(anonymous_38)","decl":{"start":{"line":262,"column":22},"end":{"line":262,"column":23}},"loc":{"start":{"line":262,"column":28},"end":{"line":262,"column":43}},"line":262},"39":{"name":"(anonymous_39)","decl":{"start":{"line":264,"column":23},"end":{"line":264,"column":24}},"loc":{"start":{"line":264,"column":29},"end":{"line":267,"column":3}},"line":264},"40":{"name":"(anonymous_40)","decl":{"start":{"line":273,"column":24},"end":{"line":273,"column":25}},"loc":{"start":{"line":273,"column":30},"end":{"line":287,"column":3}},"line":273},"41":{"name":"(anonymous_41)","decl":{"start":{"line":289,"column":29},"end":{"line":289,"column":30}},"loc":{"start":{"line":289,"column":47},"end":{"line":289,"column":87}},"line":289},"42":{"name":"(anonymous_42)","decl":{"start":{"line":291,"column":26},"end":{"line":291,"column":27}},"loc":{"start":{"line":291,"column":32},"end":{"line":300,"column":3}},"line":291},"43":{"name":"(anonymous_43)","decl":{"start":{"line":292,"column":41},"end":{"line":292,"column":42}},"loc":{"start":{"line":292,"column":57},"end":{"line":299,"column":5}},"line":292}},"branchMap":{"0":{"loc":{"start":{"line":76,"column":4},"end":{"line":83,"column":5}},"type":"if","locations":[{"start":{"line":76,"column":4},"end":{"line":83,"column":5}},{"start":{},"end":{}}],"line":76},"1":{"loc":{"start":{"line":89,"column":4},"end":{"line":92,"column":5}},"type":"if","locations":[{"start":{"line":89,"column":4},"end":{"line":92,"column":5}},{"start":{},"end":{}}],"line":89},"2":{"loc":{"start":{"line":96,"column":4},"end":{"line":98,"column":5}},"type":"if","locations":[{"start":{"line":96,"column":4},"end":{"line":98,"column":5}},{"start":{},"end":{}}],"line":96},"3":{"loc":{"start":{"line":105,"column":4},"end":{"line":114,"column":5}},"type":"if","locations":[{"start":{"line":105,"column":4},"end":{"line":114,"column":5}},{"start":{"line":112,"column":11},"end":{"line":114,"column":5}}],"line":105},"4":{"loc":{"start":{"line":118,"column":4},"end":{"line":130,"column":5}},"type":"if","locations":[{"start":{"line":118,"column":4},"end":{"line":130,"column":5}},{"start":{"line":124,"column":11},"end":{"line":130,"column":5}}],"line":118},"5":{"loc":{"start":{"line":137,"column":4},"end":{"line":142,"column":5}},"type":"if","locations":[{"start":{"line":137,"column":4},"end":{"line":142,"column":5}},{"start":{"line":140,"column":11},"end":{"line":142,"column":5}}],"line":137},"6":{"loc":{"start":{"line":138,"column":23},"end":{"line":138,"column":76}},"type":"cond-expr","locations":[{"start":{"line":138,"column":56},"end":{"line":138,"column":72}},{"start":{"line":138,"column":75},"end":{"line":138,"column":76}}],"line":138},"7":{"loc":{"start":{"line":174,"column":4},"end":{"line":177,"column":5}},"type":"if","locations":[{"start":{"line":174,"column":4},"end":{"line":177,"column":5}},{"start":{},"end":{}}],"line":174},"8":{"loc":{"start":{"line":188,"column":4},"end":{"line":192,"column":5}},"type":"if","locations":[{"start":{"line":188,"column":4},"end":{"line":192,"column":5}},{"start":{},"end":{}}],"line":188},"9":{"loc":{"start":{"line":188,"column":8},"end":{"line":188,"column":52}},"type":"binary-expr","locations":[{"start":{"line":188,"column":8},"end":{"line":188,"column":29}},{"start":{"line":188,"column":33},"end":{"line":188,"column":52}}],"line":188},"10":{"loc":{"start":{"line":208,"column":4},"end":{"line":223,"column":5}},"type":"if","locations":[{"start":{"line":208,"column":4},"end":{"line":223,"column":5}},{"start":{"line":216,"column":11},"end":{"line":223,"column":5}}],"line":208},"11":{"loc":{"start":{"line":208,"column":8},"end":{"line":208,"column":67}},"type":"binary-expr","locations":[{"start":{"line":208,"column":8},"end":{"line":208,"column":37}},{"start":{"line":208,"column":41},"end":{"line":208,"column":67}}],"line":208},"12":{"loc":{"start":{"line":229,"column":4},"end":{"line":234,"column":5}},"type":"if","locations":[{"start":{"line":229,"column":4},"end":{"line":234,"column":5}},{"start":{},"end":{}}],"line":229},"13":{"loc":{"start":{"line":235,"column":4},"end":{"line":259,"column":5}},"type":"if","locations":[{"start":{"line":235,"column":4},"end":{"line":259,"column":5}},{"start":{"line":249,"column":11},"end":{"line":259,"column":5}}],"line":235},"14":{"loc":{"start":{"line":238,"column":6},"end":{"line":248,"column":7}},"type":"if","locations":[{"start":{"line":238,"column":6},"end":{"line":248,"column":7}},{"start":{},"end":{}}],"line":238},"15":{"loc":{"start":{"line":253,"column":6},"end":{"line":258,"column":7}},"type":"if","locations":[{"start":{"line":253,"column":6},"end":{"line":258,"column":7}},{"start":{},"end":{}}],"line":253},"16":{"loc":{"start":{"line":274,"column":4},"end":{"line":286,"column":5}},"type":"if","locations":[{"start":{"line":274,"column":4},"end":{"line":286,"column":5}},{"start":{"line":282,"column":11},"end":{"line":286,"column":5}}],"line":274},"17":{"loc":{"start":{"line":309,"column":11},"end":{"line":314,"column":12}},"type":"binary-expr","locations":[{"start":{"line":309,"column":11},"end":{"line":309,"column":27}},{"start":{"line":309,"column":31},"end":{"line":314,"column":12}}],"line":309},"18":{"loc":{"start":{"line":357,"column":17},"end":{"line":357,"column":45}},"type":"binary-expr","locations":[{"start":{"line":357,"column":17},"end":{"line":357,"column":39}},{"start":{"line":357,"column":43},"end":{"line":357,"column":45}}],"line":357},"19":{"loc":{"start":{"line":406,"column":44},"end":{"line":406,"column":102}},"type":"binary-expr","locations":[{"start":{"line":406,"column":44},"end":{"line":406,"column":97}},{"start":{"line":406,"column":101},"end":{"line":406,"column":102}}],"line":406}},"s":{"0":1,"1":86,"2":86,"3":86,"4":100,"5":86,"6":100,"7":86,"8":86,"9":86,"10":86,"11":86,"12":86,"13":86,"14":86,"15":86,"16":86,"17":86,"18":86,"19":86,"20":86,"21":86,"22":20,"23":18,"24":20,"25":86,"26":20,"27":20,"28":20,"29":20,"30":20,"31":20,"32":20,"33":20,"34":20,"35":20,"36":20,"37":20,"38":20,"39":20,"40":20,"41":20,"42":86,"43":516,"44":6,"45":6,"46":86,"47":258,"48":258,"49":174,"50":174,"51":406,"52":406,"53":174,"54":84,"55":86,"56":86,"57":16,"58":16,"59":15,"60":15,"61":86,"62":110,"63":35,"64":75,"65":86,"66":86,"67":3,"68":3,"69":3,"70":1,"71":1,"72":1,"73":1,"74":2,"75":86,"76":86,"77":66,"78":20,"79":86,"80":86,"81":86,"82":86,"83":86,"84":9,"85":9,"86":77,"87":86,"88":86,"89":2,"90":2,"91":2,"92":2,"93":2,"94":86,"95":86,"96":3,"97":3,"98":3,"99":3,"100":3,"101":86,"102":86,"103":6,"104":6,"105":6,"106":6,"107":6,"108":6,"109":3,"110":3,"111":3,"112":3,"113":3,"114":3,"115":86,"116":3,"117":1,"118":1,"119":1,"120":86,"121":1,"122":1,"123":86,"124":2,"125":2,"126":2,"127":1,"128":1,"129":1,"130":1,"131":1,"132":1,"133":86,"134":91,"135":86,"136":6,"137":1,"138":5,"139":3,"140":3,"141":3,"142":1,"143":2,"144":2,"145":2,"146":2,"147":1,"148":86,"149":11,"150":86,"151":11,"152":11,"153":86,"154":3,"155":2,"156":1,"157":86,"158":116,"159":86,"160":86,"161":516,"162":516,"163":86},"f":{"0":86,"1":100,"2":100,"3":20,"4":18,"5":20,"6":20,"7":20,"8":20,"9":20,"10":20,"11":20,"12":516,"13":6,"14":258,"15":86,"16":16,"17":110,"18":86,"19":3,"20":1,"21":86,"22":86,"23":86,"24":2,"25":86,"26":3,"27":86,"28":6,"29":3,"30":3,"31":3,"32":1,"33":1,"34":2,"35":1,"36":91,"37":6,"38":11,"39":11,"40":3,"41":116,"42":86,"43":516},"b":{"0":[174,84],"1":[15,1],"2":[35,75],"3":[1,2],"4":[66,20],"5":[9,77],"6":[8,1],"7":[3,3],"8":[1,2],"9":[3,1],"10":[1,1],"11":[2,2],"12":[1,5],"13":[3,2],"14":[1,2],"15":[1,1],"16":[2,1],"17":[86,58],"18":[86,28],"19":[86,28]},"_coverageSchema":"1a1c01bbd47fc00a2c39e90264f33305004495a9","hash":"2a6c8c35e8c3a8431d06af0a509391abd5c93956"}
,"/Users/tayyabiqbal/Desktop/Stockflow/frontend/util/session_api_util.js": {"path":"/Users/tayyabiqbal/Desktop/Stockflow/frontend/util/session_api_util.js","statementMap":{"0":{"start":{"line":1,"column":21},"end":{"line":7,"column":1}},"1":{"start":{"line":2,"column":2},"end":{"line":6,"column":4}},"2":{"start":{"line":9,"column":22},"end":{"line":14,"column":1}},"3":{"start":{"line":10,"column":2},"end":{"line":13,"column":4}},"4":{"start":{"line":16,"column":22},"end":{"line":22,"column":1}},"5":{"start":{"line":17,"column":2},"end":{"line":21,"column":4}}},"fnMap":{"0":{"name":"(anonymous_0)","decl":{"start":{"line":1,"column":21},"end":{"line":1,"column":22}},"loc":{"start":{"line":2,"column":2},"end":{"line":6,"column":4}},"line":2},"1":{"name":"(anonymous_1)","decl":{"start":{"line":9,"column":22},"end":{"line":9,"column":23}},"loc":{"start":{"line":10,"column":2},"end":{"line":13,"column":4}},"line":10},"2":{"name":"(anonymous_2)","decl":{"start":{"line":16,"column":22},"end":{"line":16,"column":23}},"loc":{"start":{"line":17,"column":2},"end":{"line":21,"column":4}},"line":17}},"branchMap":{},"s":{"0":3,"1":1,"2":3,"3":1,"4":3,"5":1},"f":{"0":1,"1":1,"2":1},"b":{},"_coverageSchema":"1a1c01bbd47fc00a2c39e90264f33305004495a9","hash":"196daa2ba4eb19a0323925193631765274661014"}
,"/Users/tayyabiqbal/Desktop/Stockflow/frontend/util/stock_api_util.js": {"path":"/Users/tayyabiqbal/Desktop/Stockflow/frontend/util/stock_api_util.js","statementMap":{"0":{"start":{"line":1,"column":25},"end":{"line":4,"column":1}},"1":{"start":{"line":6,"column":27},"end":{"line":36,"column":1}},"2":{"start":{"line":39,"column":33},"end":{"line":68,"column":1}},"3":{"start":{"line":40,"column":17},"end":{"line":65,"column":3}},"4":{"start":{"line":41,"column":23},"end":{"line":41,"column":58}},"5":{"start":{"line":42,"column":20},"end":{"line":45,"column":5}},"6":{"start":{"line":47,"column":4},"end":{"line":64,"column":5}},"7":{"start":{"line":48,"column":18},"end":{"line":48,"column":39}},"8":{"start":{"line":49,"column":6},"end":{"line":53,"column":7}},"9":{"start":{"line":50,"column":20},"end":{"line":50,"column":31}},"10":{"start":{"line":51,"column":8},"end":{"line":51,"column":25}},"11":{"start":{"line":52,"column":8},"end":{"line":52,"column":18}},"12":{"start":{"line":56,"column":6},"end":{"line":56,"column":53}},"13":{"start":{"line":57,"column":6},"end":{"line":57,"column":17}},"14":{"start":{"line":59,"column":6},"end":{"line":63,"column":7}},"15":{"start":{"line":60,"column":8},"end":{"line":60,"column":36}},"16":{"start":{"line":62,"column":8},"end":{"line":62,"column":18}},"17":{"start":{"line":67,"column":2},"end":{"line":67,"column":53}},"18":{"start":{"line":70,"column":27},"end":{"line":77,"column":1}},"19":{"start":{"line":70,"column":78},"end":{"line":77,"column":1}},"20":{"start":{"line":79,"column":27},"end":{"line":85,"column":1}},"21":{"start":{"line":79,"column":45},"end":{"line":85,"column":1}},"22":{"start":{"line":87,"column":28},"end":{"line":93,"column":1}},"23":{"start":{"line":87,"column":46},"end":{"line":93,"column":1}},"24":{"start":{"line":95,"column":29},"end":{"line":101,"column":1}},"25":{"start":{"line":95,"column":47},"end":{"line":101,"column":1}},"26":{"start":{"line":103,"column":25},"end":{"line":108,"column":1}},"27":{"start":{"line":104,"column":2},"end":{"line":107,"column":4}},"28":{"start":{"line":110,"column":28},"end":{"line":115,"column":1}},"29":{"start":{"line":111,"column":2},"end":{"line":114,"column":4}},"30":{"start":{"line":117,"column":35},"end":{"line":123,"column":1}},"31":{"start":{"line":117,"column":53},"end":{"line":123,"column":1}}},"fnMap":{"0":{"name":"(anonymous_0)","decl":{"start":{"line":39,"column":33},"end":{"line":39,"column":34}},"loc":{"start":{"line":39,"column":65},"end":{"line":68,"column":1}},"line":39},"1":{"name":"(anonymous_1)","decl":{"start":{"line":40,"column":17},"end":{"line":40,"column":18}},"loc":{"start":{"line":40,"column":37},"end":{"line":65,"column":3}},"line":40},"2":{"name":"(anonymous_2)","decl":{"start":{"line":70,"column":27},"end":{"line":70,"column":28}},"loc":{"start":{"line":70,"column":78},"end":{"line":77,"column":1}},"line":70},"3":{"name":"(anonymous_3)","decl":{"start":{"line":79,"column":27},"end":{"line":79,"column":28}},"loc":{"start":{"line":79,"column":45},"end":{"line":85,"column":1}},"line":79},"4":{"name":"(anonymous_4)","decl":{"start":{"line":87,"column":28},"end":{"line":87,"column":29}},"loc":{"start":{"line":87,"column":46},"end":{"line":93,"column":1}},"line":87},"5":{"name":"(anonymous_5)","decl":{"start":{"line":95,"column":29},"end":{"line":95,"column":30}},"loc":{"start":{"line":95,"column":47},"end":{"line":101,"column":1}},"line":95},"6":{"name":"(anonymous_6)","decl":{"start":{"line":103,"column":25},"end":{"line":103,"column":26}},"loc":{"start":{"line":104,"column":2},"end":{"line":107,"column":4}},"line":104},"7":{"name":"(anonymous_7)","decl":{"start":{"line":110,"column":28},"end":{"line":110,"column":29}},"loc":{"start":{"line":111,"column":2},"end":{"line":114,"column":4}},"line":111},"8":{"name":"(anonymous_8)","decl":{"start":{"line":117,"column":35},"end":{"line":117,"column":36}},"loc":{"start":{"line":117,"column":53},"end":{"line":123,"column":1}},"line":117}},"branchMap":{"0":{"loc":{"start":{"line":49,"column":6},"end":{"line":53,"column":7}},"type":"if","locations":[{"start":{"line":49,"column":6},"end":{"line":53,"column":7}},{"start":{},"end":{}}],"line":49},"1":{"loc":{"start":{"line":49,"column":10},"end":{"line":49,"column":83}},"type":"binary-expr","locations":[{"start":{"line":49,"column":10},"end":{"line":49,"column":13}},{"start":{"line":49,"column":17},"end":{"line":49,"column":32}},{"start":{"line":49,"column":36},"end":{"line":49,"column":83}}],"line":49},"2":{"loc":{"start":{"line":59,"column":6},"end":{"line":63,"column":7}},"type":"if","locations":[{"start":{"line":59,"column":6},"end":{"line":63,"column":7}},{"start":{"line":61,"column":13},"end":{"line":63,"column":7}}],"line":59},"3":{"loc":{"start":{"line":59,"column":10},"end":{"line":59,"column":79}},"type":"binary-expr","locations":[{"start":{"line":59,"column":10},"end":{"line":59,"column":28}},{"start":{"line":59,"column":32},"end":{"line":59,"column":79}}],"line":59}},"s":{"0":3,"1":3,"2":3,"3":8,"4":25,"5":25,"6":25,"7":25,"8":15,"9":9,"10":9,"11":9,"12":6,"13":6,"14":19,"15":17,"16":2,"17":8,"18":3,"19":4,"20":3,"21":1,"22":3,"23":1,"24":3,"25":1,"26":3,"27":1,"28":3,"29":1,"30":3,"31":1},"f":{"0":8,"1":25,"2":4,"3":1,"4":1,"5":1,"6":1,"7":1,"8":1},"b":{"0":[9,6],"1":[15,15,9],"2":[17,2],"3":[19,19]},"_coverageSchema":"1a1c01bbd47fc00a2c39e90264f33305004495a9","hash":"5069e05d15afc6549fa51005f0f05a3b194f5f3b"}
,"/Users/tayyabiqbal/Desktop/Stockflow/frontend/util/transaction_api_util.js": {"path":"/Users/tayyabiqbal/Desktop/Stockflow/frontend/util/transaction_api_util.js","statementMap":{"0":{"start":{"line":1,"column":33},"end":{"line":7,"column":1}},"1":{"start":{"line":2,"column":2},"end":{"line":6,"column":4}}},"fnMap":{"0":{"name":"(anonymous_0)","decl":{"start":{"line":1,"column":33},"end":{"line":1,"column":34}},"loc":{"start":{"line":2,"column":2},"end":{"line":6,"column":4}},"line":2}},"branchMap":{},"s":{"0":3,"1":1},"f":{"0":1},"b":{},"_coverageSchema":"1a1c01bbd47fc00a2c39e90264f33305004495a9","hash":"232b789569c40403190cbc8ac1014fe29e03cd4b"}
,"/Users/tayyabiqbal/Desktop/Stockflow/frontend/util/util.js": {"path":"/Users/tayyabiqbal/Desktop/Stockflow/frontend/util/util.js","statementMap":{"0":{"start":{"line":1,"column":28},"end":{"line":30,"column":1}},"1":{"start":{"line":2,"column":21},"end":{"line":7,"column":3}},"2":{"start":{"line":3,"column":17},"end":{"line":3,"column":35}},"3":{"start":{"line":4,"column":15},"end":{"line":4,"column":59}},"4":{"start":{"line":5,"column":15},"end":{"line":5,"column":54}},"5":{"start":{"line":6,"column":4},"end":{"line":6,"column":33}},"6":{"start":{"line":9,"column":16},"end":{"line":9,"column":26}},"7":{"start":{"line":10,"column":18},"end":{"line":10,"column":35}},"8":{"start":{"line":11,"column":20},"end":{"line":11,"column":35}},"9":{"start":{"line":13,"column":2},"end":{"line":24,"column":3}},"10":{"start":{"line":14,"column":18},"end":{"line":14,"column":38}},"11":{"start":{"line":15,"column":17},"end":{"line":15,"column":47}},"12":{"start":{"line":17,"column":23},"end":{"line":21,"column":5}},"13":{"start":{"line":18,"column":15},"end":{"line":18,"column":65}},"14":{"start":{"line":19,"column":15},"end":{"line":19,"column":63}},"15":{"start":{"line":20,"column":15},"end":{"line":20,"column":69}},"16":{"start":{"line":23,"column":4},"end":{"line":23,"column":45}},"17":{"start":{"line":23,"column":26},"end":{"line":23,"column":45}},"18":{"start":{"line":26,"column":2},"end":{"line":29,"column":4}},"19":{"start":{"line":32,"column":30},"end":{"line":42,"column":1}},"20":{"start":{"line":33,"column":2},"end":{"line":41,"column":3}},"21":{"start":{"line":34,"column":31},"end":{"line":34,"column":111}},"22":{"start":{"line":35,"column":33},"end":{"line":35,"column":113}},"23":{"start":{"line":36,"column":33},"end":{"line":36,"column":114}},"24":{"start":{"line":37,"column":36},"end":{"line":37,"column":117}},"25":{"start":{"line":38,"column":32},"end":{"line":38,"column":113}},"26":{"start":{"line":39,"column":34},"end":{"line":39,"column":115}},"27":{"start":{"line":40,"column":13},"end":{"line":40,"column":93}},"28":{"start":{"line":44,"column":28},"end":{"line":51,"column":1}},"29":{"start":{"line":53,"column":28},"end":{"line":56,"column":1}},"30":{"start":{"line":58,"column":44},"end":{"line":73,"column":1}},"31":{"start":{"line":59,"column":2},"end":{"line":59,"column":53}},"32":{"start":{"line":59,"column":43},"end":{"line":59,"column":53}},"33":{"start":{"line":60,"column":2},"end":{"line":72,"column":5}},"34":{"start":{"line":61,"column":33},"end":{"line":61,"column":48}},"35":{"start":{"line":62,"column":4},"end":{"line":71,"column":6}},"36":{"start":{"line":76,"column":19},"end":{"line":81,"column":1}},"37":{"start":{"line":77,"column":15},"end":{"line":77,"column":33}},"38":{"start":{"line":78,"column":13},"end":{"line":78,"column":57}},"39":{"start":{"line":79,"column":13},"end":{"line":79,"column":52}},"40":{"start":{"line":80,"column":2},"end":{"line":80,"column":31}},"41":{"start":{"line":85,"column":41},"end":{"line":114,"column":1}},"42":{"start":{"line":86,"column":16},"end":{"line":86,"column":17}},"43":{"start":{"line":87,"column":15},"end":{"line":87,"column":17}},"44":{"start":{"line":89,"column":13},"end":{"line":89,"column":23}},"45":{"start":{"line":92,"column":2},"end":{"line":112,"column":3}},"46":{"start":{"line":94,"column":24},"end":{"line":94,"column":40}},"47":{"start":{"line":97,"column":22},"end":{"line":97,"column":66}},"48":{"start":{"line":98,"column":18},"end":{"line":98,"column":80}},"49":{"start":{"line":101,"column":4},"end":{"line":101,"column":38}},"50":{"start":{"line":103,"column":4},"end":{"line":111,"column":5}},"51":{"start":{"line":105,"column":6},"end":{"line":105,"column":12}},"52":{"start":{"line":107,"column":6},"end":{"line":107,"column":84}},"53":{"start":{"line":109,"column":6},"end":{"line":109,"column":39}},"54":{"start":{"line":110,"column":6},"end":{"line":110,"column":16}},"55":{"start":{"line":113,"column":2},"end":{"line":113,"column":16}}},"fnMap":{"0":{"name":"(anonymous_0)","decl":{"start":{"line":1,"column":28},"end":{"line":1,"column":29}},"loc":{"start":{"line":1,"column":40},"end":{"line":30,"column":1}},"line":1},"1":{"name":"(anonymous_1)","decl":{"start":{"line":2,"column":21},"end":{"line":2,"column":22}},"loc":{"start":{"line":2,"column":31},"end":{"line":7,"column":3}},"line":2},"2":{"name":"(anonymous_2)","decl":{"start":{"line":18,"column":9},"end":{"line":18,"column":10}},"loc":{"start":{"line":18,"column":15},"end":{"line":18,"column":65}},"line":18},"3":{"name":"(anonymous_3)","decl":{"start":{"line":19,"column":9},"end":{"line":19,"column":10}},"loc":{"start":{"line":19,"column":15},"end":{"line":19,"column":63}},"line":19},"4":{"name":"(anonymous_4)","decl":{"start":{"line":20,"column":9},"end":{"line":20,"column":10}},"loc":{"start":{"line":20,"column":15},"end":{"line":20,"column":69}},"line":20},"5":{"name":"(anonymous_5)","decl":{"start":{"line":32,"column":30},"end":{"line":32,"column":31}},"loc":{"start":{"line":32,"column":49},"end":{"line":42,"column":1}},"line":32},"6":{"name":"(anonymous_6)","decl":{"start":{"line":58,"column":44},"end":{"line":58,"column":45}},"loc":{"start":{"line":58,"column":57},"end":{"line":73,"column":1}},"line":58},"7":{"name":"(anonymous_7)","decl":{"start":{"line":60,"column":31},"end":{"line":60,"column":32}},"loc":{"start":{"line":60,"column":74},"end":{"line":72,"column":3}},"line":60},"8":{"name":"(anonymous_8)","decl":{"start":{"line":76,"column":19},"end":{"line":76,"column":20}},"loc":{"start":{"line":76,"column":29},"end":{"line":81,"column":1}},"line":76},"9":{"name":"(anonymous_9)","decl":{"start":{"line":85,"column":41},"end":{"line":85,"column":42}},"loc":{"start":{"line":85,"column":76},"end":{"line":114,"column":1}},"line":85}},"branchMap":{"0":{"loc":{"start":{"line":13,"column":2},"end":{"line":24,"column":3}},"type":"if","locations":[{"start":{"line":13,"column":2},"end":{"line":24,"column":3}},{"start":{},"end":{}}],"line":13},"1":{"loc":{"start":{"line":23,"column":4},"end":{"line":23,"column":45}},"type":"if","locations":[{"start":{"line":23,"column":4},"end":{"line":23,"column":45}},{"start":{},"end":{}}],"line":23},"2":{"loc":{"start":{"line":33,"column":2},"end":{"line":41,"column":3}},"type":"switch","locations":[{"start":{"line":34,"column":4},"end":{"line":34,"column":111}},{"start":{"line":35,"column":4},"end":{"line":35,"column":113}},{"start":{"line":36,"column":4},"end":{"line":36,"column":114}},{"start":{"line":37,"column":4},"end":{"line":37,"column":117}},{"start":{"line":38,"column":4},"end":{"line":38,"column":113}},{"start":{"line":39,"column":4},"end":{"line":39,"column":115}},{"start":{"line":40,"column":4},"end":{"line":40,"column":93}}],"line":33},"3":{"loc":{"start":{"line":59,"column":2},"end":{"line":59,"column":53}},"type":"if","locations":[{"start":{"line":59,"column":2},"end":{"line":59,"column":53}},{"start":{},"end":{}}],"line":59},"4":{"loc":{"start":{"line":59,"column":6},"end":{"line":59,"column":41}},"type":"binary-expr","locations":[{"start":{"line":59,"column":6},"end":{"line":59,"column":14}},{"start":{"line":59,"column":18},"end":{"line":59,"column":41}}],"line":59},"5":{"loc":{"start":{"line":85,"column":56},"end":{"line":85,"column":71}},"type":"default-arg","locations":[{"start":{"line":85,"column":70},"end":{"line":85,"column":71}}],"line":85},"6":{"loc":{"start":{"line":103,"column":4},"end":{"line":111,"column":5}},"type":"if","locations":[{"start":{"line":103,"column":4},"end":{"line":111,"column":5}},{"start":{"line":106,"column":11},"end":{"line":111,"column":5}}],"line":103},"7":{"loc":{"start":{"line":103,"column":8},"end":{"line":103,"column":35}},"type":"binary-expr","locations":[{"start":{"line":103,"column":8},"end":{"line":103,"column":14}},{"start":{"line":103,"column":18},"end":{"line":103,"column":35}}],"line":103}},"s":{"0":3,"1":20,"2":40,"3":40,"4":40,"5":40,"6":20,"7":20,"8":20,"9":20,"10":10,"11":10,"12":10,"13":3,"14":3,"15":3,"16":10,"17":9,"18":20,"19":3,"20":14,"21":8,"22":1,"23":1,"24":1,"25":1,"26":1,"27":1,"28":3,"29":3,"30":3,"31":3,"32":2,"33":1,"34":2,"35":2,"36":3,"37":7,"38":7,"39":7,"40":7,"41":3,"42":4,"43":4,"44":4,"45":4,"46":7,"47":7,"48":7,"49":7,"50":7,"51":3,"52":4,"53":4,"54":4,"55":4},"f":{"0":20,"1":40,"2":3,"3":3,"4":3,"5":14,"6":3,"7":2,"8":7,"9":4},"b":{"0":[10,10],"1":[9,1],"2":[8,1,1,1,1,1,1],"3":[2,1],"4":[3,2],"5":[1],"6":[3,4],"7":[7,7]},"_coverageSchema":"1a1c01bbd47fc00a2c39e90264f33305004495a9","hash":"09e5bd2fdc08ac003dcf4161a95175b16ebcff6d"}
,"/Users/tayyabiqbal/Desktop/Stockflow/frontend/util/watchlist_api_util.js": {"path":"/Users/tayyabiqbal/Desktop/Stockflow/frontend/util/watchlist_api_util.js","statementMap":{"0":{"start":{"line":1,"column":30},"end":{"line":7,"column":1}},"1":{"start":{"line":2,"column":2},"end":{"line":6,"column":4}},"2":{"start":{"line":9,"column":35},"end":{"line":14,"column":1}},"3":{"start":{"line":10,"column":2},"end":{"line":13,"column":4}}},"fnMap":{"0":{"name":"(anonymous_0)","decl":{"start":{"line":1,"column":30},"end":{"line":1,"column":31}},"loc":{"start":{"line":2,"column":2},"end":{"line":6,"column":4}},"line":2},"1":{"name":"(anonymous_1)","decl":{"start":{"line":9,"column":35},"end":{"line":9,"column":36}},"loc":{"start":{"line":10,"column":2},"end":{"line":13,"column":4}},"line":10}},"branchMap":{},"s":{"0":3,"1":1,"2":3,"3":1},"f":{"0":1,"1":1},"b":{},"_coverageSchema":"1a1c01bbd47fc00a2c39e90264f33305004495a9","hash":"e5965ede762efa4c4be5cf6e0da4405e8406d2be"}
}
