TN:
SF:frontend/actions/session_actions.js
FN:11,(anonymous_0)
FN:16,(anonymous_1)
FN:20,(anonymous_2)
FN:25,(anonymous_3)
FN:29,(anonymous_4)
FN:29,(anonymous_5)
FN:30,(anonymous_6)
FN:30,(anonymous_7)
FN:33,(anonymous_8)
FN:33,(anonymous_9)
FN:34,(anonymous_10)
FN:34,(anonymous_11)
FN:37,(anonymous_12)
FN:37,(anonymous_13)
FN:38,(anonymous_14)
FN:38,(anonymous_15)
FN:41,(anonymous_16)
FN:41,(anonymous_17)
FN:42,(anonymous_18)
FN:42,(anonymous_19)
FN:45,(anonymous_20)
FN:45,(anonymous_21)
FN:46,(anonymous_22)
FN:49,(anonymous_23)
FN:49,(anonymous_24)
FN:50,(anonymous_25)
FN:50,(anonymous_26)
FNF:27
FNH:0
FNDA:0,(anonymous_0)
FNDA:0,(anonymous_1)
FNDA:0,(anonymous_2)
FNDA:0,(anonymous_3)
FNDA:0,(anonymous_4)
FNDA:0,(anonymous_5)
FNDA:0,(anonymous_6)
FNDA:0,(anonymous_7)
FNDA:0,(anonymous_8)
FNDA:0,(anonymous_9)
FNDA:0,(anonymous_10)
FNDA:0,(anonymous_11)
FNDA:0,(anonymous_12)
FNDA:0,(anonymous_13)
FNDA:0,(anonymous_14)
FNDA:0,(anonymous_15)
FNDA:0,(anonymous_16)
FNDA:0,(anonymous_17)
FNDA:0,(anonymous_18)
FNDA:0,(anonymous_19)
FNDA:0,(anonymous_20)
FNDA:0,(anonymous_21)
FNDA:0,(anonymous_22)
FNDA:0,(anonymous_23)
FNDA:0,(anonymous_24)
FNDA:0,(anonymous_25)
FNDA:0,(anonymous_26)
DA:6,1
DA:7,1
DA:8,1
DA:9,1
DA:11,1
DA:16,1
DA:20,1
DA:25,1
DA:29,1
DA:30,0
DA:33,1
DA:34,0
DA:37,1
DA:38,0
DA:41,1
DA:42,0
DA:45,1
DA:46,0
DA:49,1
DA:50,0
LF:20
LH:14
BRF:0
BRH:0
end_of_record
TN:
SF:frontend/actions/stock_actions.js
FN:8,(anonymous_0)
FN:13,(anonymous_1)
FN:18,(anonymous_2)
FN:23,(anonymous_3)
FN:27,(anonymous_4)
FN:27,(anonymous_5)
FN:30,(anonymous_6)
FN:31,(anonymous_7)
FN:35,(anonymous_8)
FN:35,(anonymous_9)
FN:38,(anonymous_10)
FNF:11
FNH:4
FNDA:6,(anonymous_0)
FNDA:0,(anonymous_1)
FNDA:0,(anonymous_2)
FNDA:0,(anonymous_3)
FNDA:6,(anonymous_4)
FNDA:6,(anonymous_5)
FNDA:6,(anonymous_6)
FNDA:0,(anonymous_7)
FNDA:0,(anonymous_8)
FNDA:0,(anonymous_9)
FNDA:0,(anonymous_10)
DA:3,1
DA:4,1
DA:5,1
DA:6,1
DA:8,6
DA:13,1
DA:18,1
DA:23,1
DA:27,6
DA:28,6
DA:30,6
DA:31,0
DA:35,1
DA:36,0
DA:38,0
LF:15
LH:12
BRF:0
BRH:0
end_of_record
TN:
SF:frontend/components/stock_show/news_item.jsx
FN:3,(anonymous_0)
FNF:1
FNH:1
FNDA:98,(anonymous_0)
DA:3,1
DA:4,98
LF:2
LH:2
BRF:0
BRH:0
end_of_record
TN:
SF:frontend/components/stock_show/stock_graph.jsx
FN:6,(anonymous_0)
FN:11,(anonymous_1)
FN:21,(anonymous_2)
FN:27,(anonymous_3)
FN:32,(anonymous_4)
FN:32,(anonymous_5)
FN:37,(anonymous_6)
FN:47,(anonymous_7)
FN:53,(anonymous_8)
FNF:9
FNH:4
FNDA:60,(anonymous_0)
FNDA:60,(anonymous_1)
FNDA:14,(anonymous_2)
FNDA:60,(anonymous_3)
FNDA:0,(anonymous_4)
FNDA:0,(anonymous_5)
FNDA:0,(anonymous_6)
FNDA:0,(anonymous_7)
FNDA:0,(anonymous_8)
DA:6,1
DA:7,60
DA:8,60
DA:9,60
DA:11,60
DA:12,60
DA:13,60
DA:14,0
DA:16,60
DA:21,60
DA:22,14
DA:23,14
DA:24,14
DA:27,60
DA:28,60
DA:29,60
DA:30,55
DA:32,5
DA:37,60
DA:38,0
DA:39,0
DA:47,60
DA:48,0
DA:49,0
DA:53,60
DA:55,60
DA:56,0
DA:59,60
LF:28
LH:22
BRDA:6,0,0,0
BRDA:12,1,0,60
BRDA:12,1,1,0
BRDA:13,2,0,0
BRDA:13,2,1,60
BRDA:28,3,0,60
BRDA:28,3,1,0
BRDA:29,4,0,55
BRDA:29,4,1,5
BRDA:38,5,0,0
BRDA:38,5,1,0
BRDA:48,6,0,0
BRDA:48,6,1,0
BRDA:55,7,0,0
BRDA:55,7,1,60
BRDA:55,8,0,60
BRDA:55,8,1,60
BRF:17
BRH:8
end_of_record
TN:
SF:frontend/components/stock_show/stock_show.jsx
FN:12,(anonymous_0)
FN:16,(anonymous_1)
FN:17,(anonymous_2)
FN:37,(anonymous_3)
FN:38,(anonymous_4)
FN:42,(anonymous_5)
FN:48,(anonymous_6)
FN:51,(anonymous_7)
FN:52,(anonymous_8)
FN:53,(anonymous_9)
FN:54,(anonymous_10)
FN:62,(anonymous_11)
FN:69,(anonymous_12)
FN:69,(anonymous_13)
FN:74,(anonymous_14)
FN:87,(anonymous_15)
FN:87,(anonymous_16)
FN:95,(anonymous_17)
FN:102,(anonymous_18)
FN:102,(anonymous_19)
FN:107,(anonymous_20)
FN:117,(anonymous_21)
FN:133,(anonymous_22)
FN:145,(anonymous_23)
FN:145,(anonymous_24)
FN:153,(anonymous_25)
FN:153,(anonymous_26)
FN:161,(anonymous_27)
FN:161,(anonymous_28)
FN:180,(anonymous_29)
FN:181,(anonymous_30)
FN:187,(anonymous_31)
FN:191,(anonymous_32)
FN:195,(anonymous_33)
FN:204,(anonymous_34)
FN:218,(anonymous_35)
FN:226,(anonymous_36)
FN:228,(anonymous_37)
FN:262,(anonymous_38)
FN:264,(anonymous_39)
FN:273,(anonymous_40)
FN:289,(anonymous_41)
FN:291,(anonymous_42)
FN:292,(anonymous_43)
FNF:44
FNH:44
FNDA:86,(anonymous_0)
FNDA:100,(anonymous_1)
FNDA:100,(anonymous_2)
FNDA:20,(anonymous_3)
FNDA:18,(anonymous_4)
FNDA:20,(anonymous_5)
FNDA:20,(anonymous_6)
FNDA:20,(anonymous_7)
FNDA:20,(anonymous_8)
FNDA:20,(anonymous_9)
FNDA:20,(anonymous_10)
FNDA:20,(anonymous_11)
FNDA:516,(anonymous_12)
FNDA:6,(anonymous_13)
FNDA:258,(anonymous_14)
FNDA:86,(anonymous_15)
FNDA:16,(anonymous_16)
FNDA:110,(anonymous_17)
FNDA:86,(anonymous_18)
FNDA:3,(anonymous_19)
FNDA:1,(anonymous_20)
FNDA:86,(anonymous_21)
FNDA:86,(anonymous_22)
FNDA:86,(anonymous_23)
FNDA:2,(anonymous_24)
FNDA:86,(anonymous_25)
FNDA:3,(anonymous_26)
FNDA:86,(anonymous_27)
FNDA:6,(anonymous_28)
FNDA:3,(anonymous_29)
FNDA:3,(anonymous_30)
FNDA:3,(anonymous_31)
FNDA:1,(anonymous_32)
FNDA:1,(anonymous_33)
FNDA:2,(anonymous_34)
FNDA:1,(anonymous_35)
FNDA:91,(anonymous_36)
FNDA:6,(anonymous_37)
FNDA:11,(anonymous_38)
FNDA:11,(anonymous_39)
FNDA:3,(anonymous_40)
FNDA:116,(anonymous_41)
FNDA:86,(anonymous_42)
FNDA:516,(anonymous_43)
DA:12,1
DA:13,86
DA:14,86
DA:16,100
DA:17,100
DA:19,86
DA:20,86
DA:21,86
DA:22,86
DA:23,86
DA:24,86
DA:25,86
DA:26,86
DA:27,86
DA:28,86
DA:29,86
DA:30,86
DA:31,86
DA:32,86
DA:37,86
DA:38,20
DA:39,20
DA:42,86
DA:44,20
DA:45,20
DA:48,20
DA:51,20
DA:52,20
DA:53,20
DA:54,20
DA:55,20
DA:56,20
DA:60,20
DA:62,20
DA:63,20
DA:64,20
DA:69,516
DA:70,6
DA:71,6
DA:74,86
DA:75,258
DA:76,258
DA:77,174
DA:78,174
DA:79,406
DA:80,406
DA:82,174
DA:84,84
DA:87,86
DA:88,16
DA:89,16
DA:90,15
DA:91,15
DA:95,86
DA:96,110
DA:97,35
DA:99,75
DA:102,86
DA:103,3
DA:104,3
DA:105,3
DA:106,1
DA:108,1
DA:109,1
DA:110,1
DA:113,2
DA:117,86
DA:118,86
DA:119,66
DA:125,20
DA:133,86
DA:134,86
DA:135,86
DA:136,86
DA:137,86
DA:138,9
DA:139,9
DA:141,77
DA:145,86
DA:146,2
DA:147,2
DA:148,2
DA:149,2
DA:150,2
DA:153,86
DA:154,3
DA:155,3
DA:156,3
DA:157,3
DA:158,3
DA:161,86
DA:162,6
DA:163,6
DA:164,6
DA:165,6
DA:172,6
DA:174,6
DA:175,3
DA:176,3
DA:179,3
DA:180,3
DA:182,3
DA:183,3
DA:187,86
DA:188,3
DA:189,1
DA:190,1
DA:191,1
DA:195,86
DA:196,1
DA:197,1
DA:204,86
DA:205,2
DA:206,2
DA:208,2
DA:209,1
DA:210,1
DA:217,1
DA:219,1
DA:220,1
DA:221,1
DA:226,91
DA:228,86
DA:229,6
DA:230,1
DA:235,5
DA:236,3
DA:237,3
DA:238,3
DA:239,1
DA:250,2
DA:251,2
DA:252,2
DA:253,2
DA:254,1
DA:262,86
DA:264,86
DA:265,11
DA:266,11
DA:273,86
DA:274,3
DA:275,2
DA:283,1
DA:289,116
DA:291,86
DA:292,86
DA:293,516
DA:294,516
DA:302,86
LF:149
LH:149
BRDA:76,0,0,174
BRDA:76,0,1,84
BRDA:89,1,0,15
BRDA:89,1,1,1
BRDA:96,2,0,35
BRDA:96,2,1,75
BRDA:105,3,0,1
BRDA:105,3,1,2
BRDA:118,4,0,66
BRDA:118,4,1,20
BRDA:137,5,0,9
BRDA:137,5,1,77
BRDA:138,6,0,8
BRDA:138,6,1,1
BRDA:174,7,0,3
BRDA:174,7,1,3
BRDA:188,8,0,1
BRDA:188,8,1,2
BRDA:188,9,0,3
BRDA:188,9,1,1
BRDA:208,10,0,1
BRDA:208,10,1,1
BRDA:208,11,0,2
BRDA:208,11,1,2
BRDA:229,12,0,1
BRDA:229,12,1,5
BRDA:235,13,0,3
BRDA:235,13,1,2
BRDA:238,14,0,1
BRDA:238,14,1,2
BRDA:253,15,0,1
BRDA:253,15,1,1
BRDA:274,16,0,2
BRDA:274,16,1,1
BRDA:309,17,0,86
BRDA:309,17,1,58
BRDA:357,18,0,86
BRDA:357,18,1,28
BRDA:406,19,0,86
BRDA:406,19,1,28
BRF:40
BRH:40
end_of_record
TN:
SF:frontend/util/session_api_util.js
FN:1,(anonymous_0)
FN:9,(anonymous_1)
FN:16,(anonymous_2)
FNF:3
FNH:0
FNDA:0,(anonymous_0)
FNDA:0,(anonymous_1)
FNDA:0,(anonymous_2)
DA:1,1
DA:2,0
DA:9,1
DA:10,0
DA:16,1
DA:17,0
LF:6
LH:3
BRF:0
BRH:0
end_of_record
TN:
SF:frontend/util/stock_api_util.js
FN:15,(anonymous_0)
FN:16,(anonymous_1)
FN:44,(anonymous_2)
FN:52,(anonymous_3)
FN:59,(anonymous_4)
FN:66,(anonymous_5)
FN:73,(anonymous_6)
FN:80,(anonymous_7)
FN:87,(anonymous_8)
FNF:9
FNH:0
FNDA:0,(anonymous_0)
FNDA:0,(anonymous_1)
FNDA:0,(anonymous_2)
FNDA:0,(anonymous_3)
FNDA:0,(anonymous_4)
FNDA:0,(anonymous_5)
FNDA:0,(anonymous_6)
FNDA:0,(anonymous_7)
FNDA:0,(anonymous_8)
DA:1,1
DA:3,1
DA:15,1
DA:16,0
DA:17,0
DA:18,0
DA:19,0
DA:24,0
DA:25,0
DA:26,0
DA:28,0
DA:29,0
DA:31,0
DA:32,0
DA:33,0
DA:34,0
DA:36,0
DA:41,0
DA:44,1
DA:52,1
DA:59,1
DA:60,0
DA:66,1
DA:67,0
DA:73,1
DA:74,0
DA:80,1
DA:81,0
DA:87,1
LF:29
LH:10
BRDA:32,0,0,0
BRDA:32,0,1,0
BRDA:32,1,0,0
BRDA:32,1,1,0
BRF:4
BRH:0
end_of_record
TN:
SF:frontend/util/transaction_api_util.js
FN:1,(anonymous_0)
FNF:1
FNH:0
FNDA:0,(anonymous_0)
DA:1,1
DA:2,0
LF:2
LH:1
BRF:0
BRH:0
end_of_record
TN:
SF:frontend/util/util.js
FN:1,(anonymous_0)
FN:2,(anonymous_1)
FN:18,(anonymous_2)
FN:19,(anonymous_3)
FN:20,(anonymous_4)
FN:32,(anonymous_5)
FN:58,(anonymous_6)
FN:60,(anonymous_7)
FN:76,(anonymous_8)
FN:85,(anonymous_9)
FNF:10
FNH:0
FNDA:0,(anonymous_0)
FNDA:0,(anonymous_1)
FNDA:0,(anonymous_2)
FNDA:0,(anonymous_3)
FNDA:0,(anonymous_4)
FNDA:0,(anonymous_5)
FNDA:0,(anonymous_6)
FNDA:0,(anonymous_7)
FNDA:0,(anonymous_8)
FNDA:0,(anonymous_9)
DA:1,1
DA:2,0
DA:3,0
DA:4,0
DA:5,0
DA:6,0
DA:9,0
DA:10,0
DA:11,0
DA:13,0
DA:14,0
DA:15,0
DA:17,0
DA:18,0
DA:19,0
DA:20,0
DA:23,0
DA:26,0
DA:32,1
DA:33,0
DA:34,0
DA:35,0
DA:36,0
DA:37,0
DA:38,0
DA:39,0
DA:40,0
DA:44,1
DA:53,1
DA:58,1
DA:59,0
DA:60,0
DA:61,0
DA:62,0
DA:76,1
DA:77,0
DA:78,0
DA:79,0
DA:80,0
DA:85,1
DA:86,0
DA:87,0
DA:89,0
DA:92,0
DA:94,0
DA:97,0
DA:98,0
DA:101,0
DA:103,0
DA:105,0
DA:107,0
DA:109,0
DA:110,0
DA:113,0
LF:54
LH:7
BRDA:13,0,0,0
BRDA:13,0,1,0
BRDA:23,1,0,0
BRDA:23,1,1,0
BRDA:33,2,0,0
BRDA:33,2,1,0
BRDA:33,2,2,0
BRDA:33,2,3,0
BRDA:33,2,4,0
BRDA:33,2,5,0
BRDA:33,2,6,0
BRDA:59,3,0,0
BRDA:59,3,1,0
BRDA:59,4,0,0
BRDA:59,4,1,0
BRDA:85,5,0,0
BRDA:103,6,0,0
BRDA:103,6,1,0
BRDA:103,7,0,0
BRDA:103,7,1,0
BRF:20
BRH:0
end_of_record
TN:
SF:frontend/util/watchlist_api_util.js
FN:1,(anonymous_0)
FN:9,(anonymous_1)
FNF:2
FNH:0
FNDA:0,(anonymous_0)
FNDA:0,(anonymous_1)
DA:1,1
DA:2,0
DA:9,1
DA:10,0
LF:4
LH:2
BRF:0
BRH:0
end_of_record
