TN:
SF:frontend/actions/session_actions.js
FN:11,(anonymous_0)
FN:16,(anonymous_1)
FN:20,(anonymous_2)
FN:25,(anonymous_3)
FN:29,(anonymous_4)
FN:29,(anonymous_5)
FN:30,(anonymous_6)
FN:30,(anonymous_7)
FN:33,(anonymous_8)
FN:33,(anonymous_9)
FN:34,(anonymous_10)
FN:34,(anonymous_11)
FN:37,(anonymous_12)
FN:37,(anonymous_13)
FN:38,(anonymous_14)
FN:38,(anonymous_15)
FN:41,(anonymous_16)
FN:41,(anonymous_17)
FN:42,(anonymous_18)
FN:42,(anonymous_19)
FN:45,(anonymous_20)
FN:45,(anonymous_21)
FN:46,(anonymous_22)
FN:49,(anonymous_23)
FN:49,(anonymous_24)
FN:50,(anonymous_25)
FN:50,(anonymous_26)
FNF:27
FNH:27
FNDA:5,(anonymous_0)
FNDA:1,(anonymous_1)
FNDA:5,(anonymous_2)
FNDA:1,(anonymous_3)
FNDA:2,(anonymous_4)
FNDA:2,(anonymous_5)
FNDA:1,(anonymous_6)
FNDA:1,(anonymous_7)
FNDA:2,(anonymous_8)
FNDA:2,(anonymous_9)
FNDA:1,(anonymous_10)
FNDA:1,(anonymous_11)
FNDA:2,(anonymous_12)
FNDA:2,(anonymous_13)
FNDA:1,(anonymous_14)
FNDA:1,(anonymous_15)
FNDA:2,(anonymous_16)
FNDA:2,(anonymous_17)
FNDA:1,(anonymous_18)
FNDA:1,(anonymous_19)
FNDA:1,(anonymous_20)
FNDA:1,(anonymous_21)
FNDA:1,(anonymous_22)
FNDA:2,(anonymous_23)
FNDA:2,(anonymous_24)
FNDA:1,(anonymous_25)
FNDA:1,(anonymous_26)
DA:6,2
DA:7,2
DA:8,2
DA:9,2
DA:11,5
DA:16,2
DA:20,5
DA:25,2
DA:29,2
DA:30,2
DA:33,2
DA:34,2
DA:37,2
DA:38,2
DA:41,2
DA:42,2
DA:45,2
DA:46,1
DA:49,2
DA:50,2
LF:20
LH:20
BRF:0
BRH:0
end_of_record
TN:
SF:frontend/actions/stock_actions.js
FN:8,(anonymous_0)
FN:13,(anonymous_1)
FN:18,(anonymous_2)
FN:23,(anonymous_3)
FN:27,(anonymous_4)
FN:27,(anonymous_5)
FN:30,(anonymous_6)
FN:31,(anonymous_7)
FN:35,(anonymous_8)
FN:35,(anonymous_9)
FN:38,(anonymous_10)
FNF:11
FNH:11
FNDA:7,(anonymous_0)
FNDA:1,(anonymous_1)
FNDA:1,(anonymous_2)
FNDA:1,(anonymous_3)
FNDA:8,(anonymous_4)
FNDA:8,(anonymous_5)
FNDA:7,(anonymous_6)
FNDA:1,(anonymous_7)
FNDA:1,(anonymous_8)
FNDA:1,(anonymous_9)
FNDA:1,(anonymous_10)
DA:3,2
DA:4,2
DA:5,2
DA:6,2
DA:8,7
DA:13,2
DA:18,2
DA:23,2
DA:27,8
DA:28,8
DA:30,7
DA:31,1
DA:35,2
DA:36,1
DA:38,1
LF:15
LH:15
BRF:0
BRH:0
end_of_record
TN:
SF:frontend/components/dashboard/dashboard.jsx
FN:10,(anonymous_0)
FN:11,(anonymous_1)
FN:17,(anonymous_2)
FN:23,(anonymous_3)
FN:25,(anonymous_4)
FN:27,(anonymous_5)
FN:28,(anonymous_6)
FN:29,(anonymous_7)
FN:33,(anonymous_8)
FN:35,(anonymous_9)
FN:41,(anonymous_10)
FN:41,(anonymous_11)
FN:43,(anonymous_12)
FN:82,(anonymous_13)
FN:84,(anonymous_14)
FN:87,(anonymous_15)
FN:90,(anonymous_16)
FN:90,(anonymous_17)
FN:90,(anonymous_18)
FN:106,(anonymous_19)
FN:110,(anonymous_20)
FN:119,(anonymous_21)
FN:121,(anonymous_22)
FN:121,(anonymous_23)
FN:130,(anonymous_24)
FN:146,(anonymous_25)
FNF:26
FNH:21
FNDA:6,(anonymous_0)
FNDA:7,(anonymous_1)
FNDA:2,(anonymous_2)
FNDA:4,(anonymous_3)
FNDA:4,(anonymous_4)
FNDA:2,(anonymous_5)
FNDA:4,(anonymous_6)
FNDA:4,(anonymous_7)
FNDA:2,(anonymous_8)
FNDA:2,(anonymous_9)
FNDA:1,(anonymous_10)
FNDA:1,(anonymous_11)
FNDA:5,(anonymous_12)
FNDA:0,(anonymous_13)
FNDA:0,(anonymous_14)
FNDA:5,(anonymous_15)
FNDA:6,(anonymous_16)
FNDA:6,(anonymous_17)
FNDA:6,(anonymous_18)
FNDA:0,(anonymous_19)
FNDA:0,(anonymous_20)
FNDA:0,(anonymous_21)
FNDA:5,(anonymous_22)
FNDA:30,(anonymous_23)
FNDA:5,(anonymous_24)
FNDA:1,(anonymous_25)
DA:10,1
DA:11,7
DA:13,5
DA:14,5
DA:15,5
DA:17,5
DA:18,2
DA:19,2
DA:21,2
DA:22,2
DA:24,4
DA:25,4
DA:28,2
DA:29,4
DA:31,2
DA:33,2
DA:35,2
DA:36,2
DA:37,2
DA:41,5
DA:43,5
DA:46,5
DA:48,5
DA:49,5
DA:50,5
DA:52,0
DA:53,0
DA:54,0
DA:55,0
DA:57,0
DA:58,0
DA:59,0
DA:60,0
DA:62,0
DA:63,0
DA:64,0
DA:65,0
DA:67,0
DA:68,0
DA:69,0
DA:70,0
DA:72,0
DA:73,0
DA:74,0
DA:75,0
DA:77,0
DA:79,5
DA:82,5
DA:83,0
DA:84,0
DA:87,5
DA:88,5
DA:89,5
DA:90,6
DA:91,6
DA:92,6
DA:93,3
DA:95,3
DA:103,5
DA:106,5
DA:107,0
DA:108,0
DA:109,0
DA:110,0
DA:111,0
DA:112,0
DA:113,0
DA:115,0
DA:116,0
DA:119,5
DA:121,5
DA:122,30
DA:130,5
DA:132,5
DA:146,1
LF:75
LH:43
BRDA:46,0,0,5
BRDA:46,0,1,0
BRDA:46,0,2,0
BRDA:46,0,3,0
BRDA:46,0,4,0
BRDA:46,0,5,0
BRDA:46,0,6,0
BRDA:92,1,0,3
BRDA:92,1,1,3
BRDA:111,2,0,0
BRDA:111,2,1,0
BRF:11
BRH:3
end_of_record
TN:
SF:frontend/components/dashboard/watchlist.jsx
FN:8,(anonymous_0)
FN:9,(anonymous_1)
FN:10,(anonymous_2)
FN:13,(anonymous_3)
FN:15,(anonymous_4)
FN:15,(anonymous_5)
FN:17,(anonymous_6)
FN:19,(anonymous_7)
FN:20,(anonymous_8)
FN:21,(anonymous_9)
FN:27,(anonymous_10)
FN:27,(anonymous_11)
FNF:12
FNH:12
FNDA:6,(anonymous_0)
FNDA:7,(anonymous_1)
FNDA:7,(anonymous_2)
FNDA:2,(anonymous_3)
FNDA:4,(anonymous_4)
FNDA:4,(anonymous_5)
FNDA:4,(anonymous_6)
FNDA:2,(anonymous_7)
FNDA:4,(anonymous_8)
FNDA:4,(anonymous_9)
FNDA:6,(anonymous_10)
FNDA:6,(anonymous_11)
DA:8,1
DA:9,7
DA:10,7
DA:11,5
DA:13,5
DA:14,2
DA:15,4
DA:16,4
DA:17,4
DA:20,2
DA:21,4
DA:23,2
DA:27,6
LF:13
LH:13
BRDA:27,0,0,6
BRDA:27,0,1,6
BRDA:34,1,0,6
BRDA:34,1,1,6
BRF:4
BRH:4
end_of_record
TN:
SF:frontend/components/search_bar/search.jsx
FN:6,(anonymous_0)
FN:8,(anonymous_1)
FN:12,(anonymous_2)
FN:17,(anonymous_3)
FN:19,(anonymous_4)
FN:20,(anonymous_5)
FN:33,(anonymous_6)
FN:34,(anonymous_7)
FN:41,(anonymous_8)
FNF:9
FNH:9
FNDA:36,(anonymous_0)
FNDA:44,(anonymous_1)
FNDA:20,(anonymous_2)
FNDA:36,(anonymous_3)
FNDA:44,(anonymous_4)
FNDA:1,(anonymous_5)
FNDA:3,(anonymous_6)
FNDA:3,(anonymous_7)
FNDA:9,(anonymous_8)
DA:6,1
DA:7,36
DA:8,44
DA:9,36
DA:10,36
DA:12,36
DA:13,20
DA:14,20
DA:17,36
DA:18,36
DA:19,22
DA:20,44
DA:33,36
DA:34,3
DA:35,3
DA:36,3
DA:41,36
DA:42,9
DA:43,5
DA:47,36
LF:20
LH:20
BRDA:18,0,0,14
BRDA:18,0,1,22
BRDA:35,1,0,3
BRDA:35,1,1,0
BRDA:42,2,0,5
BRDA:42,2,1,4
BRDA:51,3,0,36
BRDA:51,3,1,36
BRF:8
BRH:7
end_of_record
TN:
SF:frontend/components/stock_show/news_item.jsx
FN:3,(anonymous_0)
FNF:1
FNH:1
FNDA:106,(anonymous_0)
DA:3,3
DA:4,106
LF:2
LH:2
BRF:0
BRH:0
end_of_record
TN:
SF:frontend/components/stock_show/stock_graph.jsx
FN:6,(anonymous_0)
FN:11,(anonymous_1)
FN:21,(anonymous_2)
FN:27,(anonymous_3)
FN:32,(anonymous_4)
FN:32,(anonymous_5)
FN:37,(anonymous_6)
FN:47,(anonymous_7)
FN:53,(anonymous_8)
FNF:9
FNH:7
FNDA:73,(anonymous_0)
FNDA:70,(anonymous_1)
FNDA:25,(anonymous_2)
FNDA:70,(anonymous_3)
FNDA:1,(anonymous_4)
FNDA:1,(anonymous_5)
FNDA:1,(anonymous_6)
FNDA:0,(anonymous_7)
FNDA:0,(anonymous_8)
DA:6,3
DA:7,73
DA:8,73
DA:9,73
DA:11,73
DA:12,70
DA:13,70
DA:14,1
DA:16,69
DA:21,73
DA:22,25
DA:23,25
DA:24,25
DA:27,73
DA:28,70
DA:29,70
DA:30,64
DA:32,6
DA:37,73
DA:38,1
DA:39,0
DA:47,73
DA:48,0
DA:49,0
DA:53,73
DA:55,73
DA:56,3
DA:59,70
LF:28
LH:25
BRDA:6,0,0,0
BRDA:12,1,0,70
BRDA:12,1,1,0
BRDA:13,2,0,1
BRDA:13,2,1,69
BRDA:28,3,0,70
BRDA:28,3,1,0
BRDA:29,4,0,64
BRDA:29,4,1,6
BRDA:38,5,0,0
BRDA:38,5,1,1
BRDA:48,6,0,0
BRDA:48,6,1,0
BRDA:55,7,0,3
BRDA:55,7,1,70
BRDA:55,8,0,73
BRDA:55,8,1,73
BRF:17
BRH:11
end_of_record
TN:
SF:frontend/components/stock_show/stock_show.jsx
FN:12,(anonymous_0)
FN:16,(anonymous_1)
FN:17,(anonymous_2)
FN:37,(anonymous_3)
FN:38,(anonymous_4)
FN:42,(anonymous_5)
FN:48,(anonymous_6)
FN:51,(anonymous_7)
FN:52,(anonymous_8)
FN:53,(anonymous_9)
FN:54,(anonymous_10)
FN:62,(anonymous_11)
FN:69,(anonymous_12)
FN:69,(anonymous_13)
FN:74,(anonymous_14)
FN:87,(anonymous_15)
FN:87,(anonymous_16)
FN:95,(anonymous_17)
FN:102,(anonymous_18)
FN:102,(anonymous_19)
FN:107,(anonymous_20)
FN:117,(anonymous_21)
FN:133,(anonymous_22)
FN:145,(anonymous_23)
FN:145,(anonymous_24)
FN:153,(anonymous_25)
FN:153,(anonymous_26)
FN:161,(anonymous_27)
FN:161,(anonymous_28)
FN:180,(anonymous_29)
FN:181,(anonymous_30)
FN:187,(anonymous_31)
FN:191,(anonymous_32)
FN:195,(anonymous_33)
FN:204,(anonymous_34)
FN:218,(anonymous_35)
FN:226,(anonymous_36)
FN:228,(anonymous_37)
FN:262,(anonymous_38)
FN:264,(anonymous_39)
FN:273,(anonymous_40)
FN:289,(anonymous_41)
FN:291,(anonymous_42)
FN:292,(anonymous_43)
FNF:44
FNH:44
FNDA:86,(anonymous_0)
FNDA:100,(anonymous_1)
FNDA:100,(anonymous_2)
FNDA:20,(anonymous_3)
FNDA:18,(anonymous_4)
FNDA:20,(anonymous_5)
FNDA:20,(anonymous_6)
FNDA:20,(anonymous_7)
FNDA:20,(anonymous_8)
FNDA:20,(anonymous_9)
FNDA:20,(anonymous_10)
FNDA:20,(anonymous_11)
FNDA:516,(anonymous_12)
FNDA:6,(anonymous_13)
FNDA:258,(anonymous_14)
FNDA:86,(anonymous_15)
FNDA:16,(anonymous_16)
FNDA:110,(anonymous_17)
FNDA:86,(anonymous_18)
FNDA:3,(anonymous_19)
FNDA:1,(anonymous_20)
FNDA:86,(anonymous_21)
FNDA:86,(anonymous_22)
FNDA:86,(anonymous_23)
FNDA:2,(anonymous_24)
FNDA:86,(anonymous_25)
FNDA:3,(anonymous_26)
FNDA:86,(anonymous_27)
FNDA:6,(anonymous_28)
FNDA:3,(anonymous_29)
FNDA:3,(anonymous_30)
FNDA:3,(anonymous_31)
FNDA:1,(anonymous_32)
FNDA:1,(anonymous_33)
FNDA:2,(anonymous_34)
FNDA:1,(anonymous_35)
FNDA:91,(anonymous_36)
FNDA:6,(anonymous_37)
FNDA:11,(anonymous_38)
FNDA:11,(anonymous_39)
FNDA:3,(anonymous_40)
FNDA:116,(anonymous_41)
FNDA:86,(anonymous_42)
FNDA:516,(anonymous_43)
DA:12,1
DA:13,86
DA:14,86
DA:16,100
DA:17,100
DA:19,86
DA:20,86
DA:21,86
DA:22,86
DA:23,86
DA:24,86
DA:25,86
DA:26,86
DA:27,86
DA:28,86
DA:29,86
DA:30,86
DA:31,86
DA:32,86
DA:37,86
DA:38,20
DA:39,20
DA:42,86
DA:44,20
DA:45,20
DA:48,20
DA:51,20
DA:52,20
DA:53,20
DA:54,20
DA:55,20
DA:56,20
DA:60,20
DA:62,20
DA:63,20
DA:64,20
DA:69,516
DA:70,6
DA:71,6
DA:74,86
DA:75,258
DA:76,258
DA:77,174
DA:78,174
DA:79,406
DA:80,406
DA:82,174
DA:84,84
DA:87,86
DA:88,16
DA:89,16
DA:90,15
DA:91,15
DA:95,86
DA:96,110
DA:97,35
DA:99,75
DA:102,86
DA:103,3
DA:104,3
DA:105,3
DA:106,1
DA:108,1
DA:109,1
DA:110,1
DA:113,2
DA:117,86
DA:118,86
DA:119,66
DA:125,20
DA:133,86
DA:134,86
DA:135,86
DA:136,86
DA:137,86
DA:138,9
DA:139,9
DA:141,77
DA:145,86
DA:146,2
DA:147,2
DA:148,2
DA:149,2
DA:150,2
DA:153,86
DA:154,3
DA:155,3
DA:156,3
DA:157,3
DA:158,3
DA:161,86
DA:162,6
DA:163,6
DA:164,6
DA:165,6
DA:172,6
DA:174,6
DA:175,3
DA:176,3
DA:179,3
DA:180,3
DA:182,3
DA:183,3
DA:187,86
DA:188,3
DA:189,1
DA:190,1
DA:191,1
DA:195,86
DA:196,1
DA:197,1
DA:204,86
DA:205,2
DA:206,2
DA:208,2
DA:209,1
DA:210,1
DA:217,1
DA:219,1
DA:220,1
DA:221,1
DA:226,91
DA:228,86
DA:229,6
DA:230,1
DA:235,5
DA:236,3
DA:237,3
DA:238,3
DA:239,1
DA:250,2
DA:251,2
DA:252,2
DA:253,2
DA:254,1
DA:262,86
DA:264,86
DA:265,11
DA:266,11
DA:273,86
DA:274,3
DA:275,2
DA:283,1
DA:289,116
DA:291,86
DA:292,86
DA:293,516
DA:294,516
DA:302,86
LF:149
LH:149
BRDA:76,0,0,174
BRDA:76,0,1,84
BRDA:89,1,0,15
BRDA:89,1,1,1
BRDA:96,2,0,35
BRDA:96,2,1,75
BRDA:105,3,0,1
BRDA:105,3,1,2
BRDA:118,4,0,66
BRDA:118,4,1,20
BRDA:137,5,0,9
BRDA:137,5,1,77
BRDA:138,6,0,8
BRDA:138,6,1,1
BRDA:174,7,0,3
BRDA:174,7,1,3
BRDA:188,8,0,1
BRDA:188,8,1,2
BRDA:188,9,0,3
BRDA:188,9,1,1
BRDA:208,10,0,1
BRDA:208,10,1,1
BRDA:208,11,0,2
BRDA:208,11,1,2
BRDA:229,12,0,1
BRDA:229,12,1,5
BRDA:235,13,0,3
BRDA:235,13,1,2
BRDA:238,14,0,1
BRDA:238,14,1,2
BRDA:253,15,0,1
BRDA:253,15,1,1
BRDA:274,16,0,2
BRDA:274,16,1,1
BRDA:309,17,0,86
BRDA:309,17,1,58
BRDA:357,18,0,86
BRDA:357,18,1,28
BRDA:406,19,0,86
BRDA:406,19,1,28
BRF:40
BRH:40
end_of_record
TN:
SF:frontend/util/session_api_util.js
FN:1,(anonymous_0)
FN:9,(anonymous_1)
FN:16,(anonymous_2)
FNF:3
FNH:3
FNDA:1,(anonymous_0)
FNDA:1,(anonymous_1)
FNDA:1,(anonymous_2)
DA:1,3
DA:2,1
DA:9,3
DA:10,1
DA:16,3
DA:17,1
LF:6
LH:6
BRF:0
BRH:0
end_of_record
TN:
SF:frontend/util/stock_api_util.js
FN:39,(anonymous_0)
FN:40,(anonymous_1)
FN:70,(anonymous_2)
FN:79,(anonymous_3)
FN:87,(anonymous_4)
FN:95,(anonymous_5)
FN:103,(anonymous_6)
FN:110,(anonymous_7)
FN:117,(anonymous_8)
FNF:9
FNH:9
FNDA:8,(anonymous_0)
FNDA:25,(anonymous_1)
FNDA:4,(anonymous_2)
FNDA:1,(anonymous_3)
FNDA:1,(anonymous_4)
FNDA:1,(anonymous_5)
FNDA:1,(anonymous_6)
FNDA:1,(anonymous_7)
FNDA:1,(anonymous_8)
DA:1,3
DA:6,3
DA:39,3
DA:40,8
DA:41,25
DA:42,25
DA:47,25
DA:48,25
DA:49,15
DA:50,9
DA:51,9
DA:52,9
DA:56,6
DA:57,6
DA:59,19
DA:60,17
DA:62,2
DA:67,8
DA:70,4
DA:79,3
DA:87,3
DA:95,3
DA:103,3
DA:104,1
DA:110,3
DA:111,1
DA:117,3
LF:27
LH:27
BRDA:49,0,0,9
BRDA:49,0,1,6
BRDA:49,1,0,15
BRDA:49,1,1,15
BRDA:49,1,2,9
BRDA:59,2,0,17
BRDA:59,2,1,2
BRDA:59,3,0,19
BRDA:59,3,1,19
BRF:9
BRH:9
end_of_record
TN:
SF:frontend/util/transaction_api_util.js
FN:1,(anonymous_0)
FNF:1
FNH:1
FNDA:1,(anonymous_0)
DA:1,3
DA:2,1
LF:2
LH:2
BRF:0
BRH:0
end_of_record
TN:
SF:frontend/util/util.js
FN:1,(anonymous_0)
FN:2,(anonymous_1)
FN:18,(anonymous_2)
FN:19,(anonymous_3)
FN:20,(anonymous_4)
FN:32,(anonymous_5)
FN:58,(anonymous_6)
FN:60,(anonymous_7)
FN:76,(anonymous_8)
FN:85,(anonymous_9)
FNF:10
FNH:10
FNDA:20,(anonymous_0)
FNDA:40,(anonymous_1)
FNDA:3,(anonymous_2)
FNDA:3,(anonymous_3)
FNDA:3,(anonymous_4)
FNDA:14,(anonymous_5)
FNDA:3,(anonymous_6)
FNDA:2,(anonymous_7)
FNDA:7,(anonymous_8)
FNDA:4,(anonymous_9)
DA:1,3
DA:2,20
DA:3,40
DA:4,40
DA:5,40
DA:6,40
DA:9,20
DA:10,20
DA:11,20
DA:13,20
DA:14,10
DA:15,10
DA:17,10
DA:18,3
DA:19,3
DA:20,3
DA:23,10
DA:26,20
DA:32,3
DA:33,14
DA:34,8
DA:35,1
DA:36,1
DA:37,1
DA:38,1
DA:39,1
DA:40,1
DA:44,3
DA:53,3
DA:58,3
DA:59,3
DA:60,1
DA:61,2
DA:62,2
DA:76,3
DA:77,7
DA:78,7
DA:79,7
DA:80,7
DA:85,3
DA:86,4
DA:87,4
DA:89,4
DA:92,4
DA:94,7
DA:97,7
DA:98,7
DA:101,7
DA:103,7
DA:105,3
DA:107,4
DA:109,4
DA:110,4
DA:113,4
LF:54
LH:54
BRDA:13,0,0,10
BRDA:13,0,1,10
BRDA:23,1,0,9
BRDA:23,1,1,1
BRDA:33,2,0,8
BRDA:33,2,1,1
BRDA:33,2,2,1
BRDA:33,2,3,1
BRDA:33,2,4,1
BRDA:33,2,5,1
BRDA:33,2,6,1
BRDA:59,3,0,2
BRDA:59,3,1,1
BRDA:59,4,0,3
BRDA:59,4,1,2
BRDA:85,5,0,1
BRDA:103,6,0,3
BRDA:103,6,1,4
BRDA:103,7,0,7
BRDA:103,7,1,7
BRF:20
BRH:20
end_of_record
TN:
SF:frontend/util/watchlist_api_util.js
FN:1,(anonymous_0)
FN:9,(anonymous_1)
FNF:2
FNH:2
FNDA:1,(anonymous_0)
FNDA:1,(anonymous_1)
DA:1,3
DA:2,1
DA:9,3
DA:10,1
LF:4
LH:4
BRF:0
BRH:0
end_of_record
